2024-10-05 18:43:44,627 [INFO] Activator:177 - 


2024-10-05 18:43:44,628 [INFO] Activator:178 - !SESSION log4j initialized
2024-10-05 18:43:58,515 [INFO] McuFinderGlobals:39 - Set McuFinder mode to 2 (CubeIDE integrated)
2024-10-05 18:43:58,818 [INFO] ApplicationProperties:181 - Using Application install path: C:\ST\STM32CubeIDE_1.7.0\STM32CubeIDE\plugins\com.st.stm32cube.common.mx_6.3.0.202107141111
2024-10-05 18:43:58,828 [INFO] DbMcusXml:74 - Set database path to: C:\ST\STM32CubeIDE_1.7.0\STM32CubeIDE\plugins\com.st.stm32cube.common.mx_6.3.0.202107141111\\db\/mcu/
2024-10-05 18:43:58,830 [INFO] DbBoardsPdsc:56 - Set plugin database path to: C:\ST\STM32CubeIDE_1.7.0\STM32CubeIDE\plugins\com.st.stm32cube.common.mx_6.3.0.202107141111\\db\/plugins/boardmanager/
2024-10-05 18:43:58,830 [INFO] DbMcus:258 - Set plugin images path to: C:\ST\STM32CubeIDE_1.7.0\STM32CubeIDE\plugins\com.st.stm32cube.common.mx_6.3.0.202107141111\\db\/plugins/mcufinder/images/
2024-10-05 18:43:58,830 [INFO] DbBoards:264 - Set plugin images path to: C:\ST\STM32CubeIDE_1.7.0\STM32CubeIDE\plugins\com.st.stm32cube.common.mx_6.3.0.202107141111\\db\/plugins/mcufinder/images/
2024-10-05 18:43:58,833 [INFO] DbExamples:333 - Set plugin images path to: C:\ST\STM32CubeIDE_1.7.0\STM32CubeIDE\plugins\com.st.stm32cube.common.mx_6.3.0.202107141111\\db\/plugins/mcufinder/images/
2024-10-05 18:43:58,838 [INFO] DbMcusAds:119 - Set database path to: C:\Users\Admin\.stmcufinder\plugins\mcufinder//mcu/
2024-10-05 18:43:58,840 [INFO] DbMcusDocs:110 - Set database path to: C:\Users\Admin\.stmcufinder\plugins\mcufinder//mcu/
2024-10-05 18:43:58,841 [INFO] DbMcusJson:64 - Set database path to: C:\Users\Admin\.stmcufinder\plugins\mcufinder//mcu/
2024-10-05 18:43:58,842 [INFO] DbBoardsDocs:110 - Set database path to: C:\Users\Admin\.stmcufinder\plugins\mcufinder//mcu/
2024-10-05 18:43:58,843 [INFO] DbBoardsJson:57 - Set database path to: C:\Users\Admin\.stmcufinder\plugins\mcufinder//mcu/
2024-10-05 18:43:59,416 [INFO] CrossReferenceDbSqlite:196 - Set database path to: C:\Users\Admin\.stmcufinder\plugins\mcufinder//mcu/cs/
2024-10-05 18:43:59,421 [INFO] DbExamplesSqlite:767 - Set database path to: C:\Users\Admin\.stmcufinder\plugins\mcufinder//mcu/
2024-10-05 18:43:59,485 [INFO] RulesReader:57 - Compatibility file has been processed (242 Rules)
2024-10-05 18:43:59,532 [INFO] DbMcusXml:74 - Set database path to: C:\ST\STM32CubeIDE_1.7.0\STM32CubeIDE\plugins\com.st.stm32cube.common.mx_6.3.0.202107141111\\db\/mcu/
2024-10-05 18:43:59,534 [INFO] DbBoardsPdsc:56 - Set plugin database path to: C:\ST\STM32CubeIDE_1.7.0\STM32CubeIDE\plugins\com.st.stm32cube.common.mx_6.3.0.202107141111\\db\/plugins/boardmanager/
2024-10-05 18:43:59,534 [INFO] DbMcus:258 - Set plugin images path to: C:\ST\STM32CubeIDE_1.7.0\STM32CubeIDE\plugins\com.st.stm32cube.common.mx_6.3.0.202107141111\\db\/plugins/mcufinder/images/
2024-10-05 18:43:59,535 [INFO] DbBoards:264 - Set plugin images path to: C:\ST\STM32CubeIDE_1.7.0\STM32CubeIDE\plugins\com.st.stm32cube.common.mx_6.3.0.202107141111\\db\/plugins/mcufinder/images/
2024-10-05 18:43:59,535 [INFO] DbExamples:333 - Set plugin images path to: C:\ST\STM32CubeIDE_1.7.0\STM32CubeIDE\plugins\com.st.stm32cube.common.mx_6.3.0.202107141111\\db\/plugins/mcufinder/images/
2024-10-05 18:43:59,535 [WARN] DbFile:35 - Overriding database path with different value: C:\Users\Admin\.stmcufinder\plugins\mcufinder/ => C:\Users\Admin\.stmcufinder\plugins\mcufinder
2024-10-05 18:43:59,535 [INFO] DbMcusAds:119 - Set database path to: C:\Users\Admin\.stmcufinder\plugins\mcufinder//mcu/
2024-10-05 18:43:59,535 [WARN] DbFile:35 - Overriding database path with different value: C:\Users\Admin\.stmcufinder\plugins\mcufinder/ => C:\Users\Admin\.stmcufinder\plugins\mcufinder
2024-10-05 18:43:59,535 [INFO] DbMcusDocs:110 - Set database path to: C:\Users\Admin\.stmcufinder\plugins\mcufinder//mcu/
2024-10-05 18:43:59,535 [WARN] DbFile:35 - Overriding database path with different value: C:\Users\Admin\.stmcufinder\plugins\mcufinder/ => C:\Users\Admin\.stmcufinder\plugins\mcufinder
2024-10-05 18:43:59,535 [INFO] DbMcusJson:64 - Set database path to: C:\Users\Admin\.stmcufinder\plugins\mcufinder//mcu/
2024-10-05 18:43:59,535 [WARN] DbFile:35 - Overriding database path with different value: C:\Users\Admin\.stmcufinder\plugins\mcufinder/ => C:\Users\Admin\.stmcufinder\plugins\mcufinder
2024-10-05 18:43:59,535 [INFO] DbBoardsDocs:110 - Set database path to: C:\Users\Admin\.stmcufinder\plugins\mcufinder//mcu/
2024-10-05 18:43:59,535 [WARN] DbFile:35 - Overriding database path with different value: C:\Users\Admin\.stmcufinder\plugins\mcufinder/ => C:\Users\Admin\.stmcufinder\plugins\mcufinder
2024-10-05 18:43:59,535 [INFO] DbBoardsJson:57 - Set database path to: C:\Users\Admin\.stmcufinder\plugins\mcufinder//mcu/
2024-10-05 18:43:59,535 [WARN] DbFile:35 - Overriding database path with different value: C:\Users\Admin\.stmcufinder\plugins\mcufinder/ => C:\Users\Admin\.stmcufinder\plugins\mcufinder
2024-10-05 18:43:59,535 [WARN] DbFile:35 - Overriding database path with different value: C:\Users\Admin\.stmcufinder\plugins\mcufinder/ => C:\Users\Admin\.stmcufinder\plugins\mcufinder
2024-10-05 18:44:00,415 [INFO] CrossReferenceDbSqlite:196 - Set database path to: C:\Users\Admin\.stmcufinder\plugins\mcufinder//mcu/cs/
2024-10-05 18:44:00,415 [WARN] DbFile:35 - Overriding database path with different value: C:\Users\Admin\.stmcufinder\plugins\mcufinder/ => C:\Users\Admin\.stmcufinder\plugins\mcufinder
2024-10-05 18:44:00,415 [INFO] DbExamplesSqlite:767 - Set database path to: C:\Users\Admin\.stmcufinder\plugins\mcufinder//mcu/
2024-10-05 18:44:00,458 [INFO] MainPanel:214 - HeapMemory: 268435456
2024-10-05 18:44:00,513 [INFO] DbMcusXml:74 - Set database path to: C:\ST\STM32CubeIDE_1.7.0\STM32CubeIDE\plugins\com.st.stm32cube.common.mx_6.3.0.202107141111\\db\/mcu/
2024-10-05 18:44:00,513 [INFO] DbBoardsPdsc:56 - Set plugin database path to: C:\ST\STM32CubeIDE_1.7.0\STM32CubeIDE\plugins\com.st.stm32cube.common.mx_6.3.0.202107141111\\db\/plugins/boardmanager/
2024-10-05 18:44:00,513 [INFO] DbMcus:258 - Set plugin images path to: C:\ST\STM32CubeIDE_1.7.0\STM32CubeIDE\plugins\com.st.stm32cube.common.mx_6.3.0.202107141111\\db\/plugins/mcufinder/images/
2024-10-05 18:44:00,513 [INFO] DbBoards:264 - Set plugin images path to: C:\ST\STM32CubeIDE_1.7.0\STM32CubeIDE\plugins\com.st.stm32cube.common.mx_6.3.0.202107141111\\db\/plugins/mcufinder/images/
2024-10-05 18:44:00,513 [INFO] DbExamples:333 - Set plugin images path to: C:\ST\STM32CubeIDE_1.7.0\STM32CubeIDE\plugins\com.st.stm32cube.common.mx_6.3.0.202107141111\\db\/plugins/mcufinder/images/
2024-10-05 18:44:00,514 [WARN] DbFile:35 - Overriding database path with different value: C:\Users\Admin\.stmcufinder\plugins\mcufinder/ => C:\Users\Admin\.stmcufinder\plugins\mcufinder
2024-10-05 18:44:00,514 [INFO] DbMcusAds:119 - Set database path to: C:\Users\Admin\.stmcufinder\plugins\mcufinder//mcu/
2024-10-05 18:44:00,514 [WARN] DbFile:35 - Overriding database path with different value: C:\Users\Admin\.stmcufinder\plugins\mcufinder/ => C:\Users\Admin\.stmcufinder\plugins\mcufinder
2024-10-05 18:44:00,514 [INFO] DbMcusDocs:110 - Set database path to: C:\Users\Admin\.stmcufinder\plugins\mcufinder//mcu/
2024-10-05 18:44:00,514 [WARN] DbFile:35 - Overriding database path with different value: C:\Users\Admin\.stmcufinder\plugins\mcufinder/ => C:\Users\Admin\.stmcufinder\plugins\mcufinder
2024-10-05 18:44:00,514 [INFO] DbMcusJson:64 - Set database path to: C:\Users\Admin\.stmcufinder\plugins\mcufinder//mcu/
2024-10-05 18:44:00,514 [WARN] DbFile:35 - Overriding database path with different value: C:\Users\Admin\.stmcufinder\plugins\mcufinder/ => C:\Users\Admin\.stmcufinder\plugins\mcufinder
2024-10-05 18:44:00,514 [INFO] DbBoardsDocs:110 - Set database path to: C:\Users\Admin\.stmcufinder\plugins\mcufinder//mcu/
2024-10-05 18:44:00,514 [WARN] DbFile:35 - Overriding database path with different value: C:\Users\Admin\.stmcufinder\plugins\mcufinder/ => C:\Users\Admin\.stmcufinder\plugins\mcufinder
2024-10-05 18:44:00,514 [INFO] DbBoardsJson:57 - Set database path to: C:\Users\Admin\.stmcufinder\plugins\mcufinder//mcu/
2024-10-05 18:44:00,514 [WARN] DbFile:35 - Overriding database path with different value: C:\Users\Admin\.stmcufinder\plugins\mcufinder/ => C:\Users\Admin\.stmcufinder\plugins\mcufinder
2024-10-05 18:44:00,514 [WARN] DbFile:35 - Overriding database path with different value: C:\Users\Admin\.stmcufinder\plugins\mcufinder/ => C:\Users\Admin\.stmcufinder\plugins\mcufinder
2024-10-05 18:44:01,418 [INFO] CrossReferenceDbSqlite:196 - Set database path to: C:\Users\Admin\.stmcufinder\plugins\mcufinder//mcu/cs/
2024-10-05 18:44:01,418 [WARN] DbFile:35 - Overriding database path with different value: C:\Users\Admin\.stmcufinder\plugins\mcufinder/ => C:\Users\Admin\.stmcufinder\plugins\mcufinder
2024-10-05 18:44:01,418 [INFO] DbExamplesSqlite:767 - Set database path to: C:\Users\Admin\.stmcufinder\plugins\mcufinder//mcu/
2024-10-05 18:44:01,428 [INFO] ApplicationProperties:181 - Using Application install path: C:\ST\STM32CubeIDE_1.7.0\STM32CubeIDE\plugins\com.st.stm32cube.common.mx_6.3.0.202107141111
2024-10-05 18:44:01,434 [INFO] PluginManage:188 - Search for loadable plugins [exclusion list=, ]
2024-10-05 18:44:01,434 [INFO] PluginManage:302 - Check plugin analytics
2024-10-05 18:44:02,449 [INFO] AnalyticsPlugin:257 - Accepted Software Licenses: 
2024-10-05 18:44:02,449 [INFO] AnalyticsPlugin:259 - Accepted CMSIS Pack Licenses: 
2024-10-05 18:44:02,449 [INFO] AnalyticsPlugin:261 - Accepted Firmware Licenses: 
2024-10-05 18:44:02,454 [INFO] PluginManage:352 - Loaded plugin analytics (category:tool,tabindex:-1)
2024-10-05 18:44:02,454 [INFO] PluginManage:302 - Check plugin clock
2024-10-05 18:44:02,470 [INFO] PluginManage:352 - Loaded plugin clock (category:base,tabindex:2)
2024-10-05 18:44:02,470 [INFO] PluginManage:302 - Check plugin ddr
2024-10-05 18:44:02,470 [INFO] PluginManage:352 - Loaded plugin ddr (category:tool,tabindex:6)
2024-10-05 18:44:02,470 [INFO] PluginManage:302 - Check plugin filemanager
2024-10-05 18:44:02,555 [INFO] PluginManage:352 - Loaded plugin filemanager (category:base,tabindex:10)
2024-10-05 18:44:02,555 [INFO] PluginManage:302 - Check plugin ipmanager
2024-10-05 18:44:02,565 [INFO] PluginManage:352 - Loaded plugin ipmanager (category:base,tabindex:5)
2024-10-05 18:44:02,565 [INFO] PluginManage:302 - Check plugin pinoutandconfiguration
2024-10-05 18:44:02,576 [INFO] PluginManage:352 - Loaded plugin pinoutandconfiguration (category:base,tabindex:1)
2024-10-05 18:44:02,576 [INFO] PluginManage:302 - Check plugin pinoutconfig
2024-10-05 18:44:02,604 [INFO] PluginManage:352 - Loaded plugin pinoutconfig (category:base,tabindex:0)
2024-10-05 18:44:02,606 [INFO] PluginManage:302 - Check plugin power
2024-10-05 18:44:02,616 [INFO] PluginManage:352 - Loaded plugin power (category:power,tabindex:4)
2024-10-05 18:44:02,616 [INFO] PluginManage:302 - Check plugin projectmanager
2024-10-05 18:44:02,626 [INFO] PluginManage:352 - Loaded plugin projectmanager (category:projectmanager,tabindex:3)
2024-10-05 18:44:02,626 [INFO] PluginManage:302 - Check plugin thirdparty
2024-10-05 18:44:02,794 [WARN] IntegrityCheckThread:78 - waiting for thirdparty lock release [integrity check]
2024-10-05 18:44:02,794 [INFO] PluginManage:352 - Loaded plugin thirdparty (category:base,tabindex:-1)
2024-10-05 18:44:02,794 [INFO] IntegrityCheckThread:80 - entering critical section [integrity check]
2024-10-05 18:44:02,794 [INFO] PluginManage:302 - Check plugin tools
2024-10-05 18:44:02,794 [INFO] ThirdPartyUpdaterWithRetryManager:66 - Updater plugin not ready yet. [1/15]
2024-10-05 18:44:02,839 [INFO] PluginManage:352 - Loaded plugin tools (category:base,tabindex:7)
2024-10-05 18:44:02,839 [INFO] PluginManage:302 - Check plugin tutovideos
2024-10-05 18:44:02,994 [INFO] PluginManage:352 - Loaded plugin tutovideos (category:base,tabindex:-1)
2024-10-05 18:44:02,994 [INFO] PluginManage:302 - Check plugin updater
2024-10-05 18:44:03,009 [INFO] PluginManage:352 - Loaded plugin updater (category:base,tabindex:12)
2024-10-05 18:44:03,009 [INFO] PluginManage:275 - PluginManage : Loaded plugins [13]
2024-10-05 18:44:03,124 [INFO] PinOutPanel:1463 - setPackage(No Configuration,No Configuration)
2024-10-05 18:44:03,184 [INFO] IPUIPlugin:74 - create IPUIPlugin
2024-10-05 18:44:03,184 [INFO] PluginManager:213 - loadIPPluginJar : add adc
2024-10-05 18:44:03,224 [INFO] IPUIPlugin:74 - create IPUIPlugin
2024-10-05 18:44:03,224 [INFO] PluginManager:213 - loadIPPluginJar : add aes
2024-10-05 18:44:03,254 [INFO] IPUIPlugin:74 - create IPUIPlugin
2024-10-05 18:44:03,254 [INFO] PluginManager:213 - loadIPPluginJar : add can
2024-10-05 18:44:03,284 [INFO] IPUIPlugin:74 - create IPUIPlugin
2024-10-05 18:44:03,284 [INFO] PluginManager:213 - loadIPPluginJar : add comp
2024-10-05 18:44:03,314 [INFO] IPUIPlugin:74 - create IPUIPlugin
2024-10-05 18:44:03,314 [INFO] PluginManager:213 - loadIPPluginJar : add cryp
2024-10-05 18:44:03,344 [INFO] IPUIPlugin:74 - create IPUIPlugin
2024-10-05 18:44:03,344 [INFO] PluginManager:213 - loadIPPluginJar : add dfsdm
2024-10-05 18:44:03,354 [INFO] IPUIPlugin:74 - create IPUIPlugin
2024-10-05 18:44:03,354 [INFO] PluginManager:213 - loadIPPluginJar : add dma
2024-10-05 18:44:03,394 [INFO] IPUIPlugin:74 - create IPUIPlugin
2024-10-05 18:44:03,394 [INFO] PluginManager:213 - loadIPPluginJar : add dma3
2024-10-05 18:44:03,414 [INFO] IPUIPlugin:74 - create IPUIPlugin
2024-10-05 18:44:03,414 [INFO] PluginManager:213 - loadIPPluginJar : add fatfs
2024-10-05 18:44:03,464 [INFO] IPUIPlugin:74 - create IPUIPlugin
2024-10-05 18:44:03,464 [INFO] PluginManager:213 - loadIPPluginJar : add fmc
2024-10-05 18:44:03,474 [INFO] IPUIPlugin:74 - create IPUIPlugin
2024-10-05 18:44:03,474 [INFO] PluginManager:213 - loadIPPluginJar : add freertos
2024-10-05 18:44:03,494 [INFO] IPUIPlugin:74 - create IPUIPlugin
2024-10-05 18:44:03,494 [INFO] PluginManager:213 - loadIPPluginJar : add genericplugin
2024-10-05 18:44:03,574 [INFO] IPUIPlugin:74 - create IPUIPlugin
2024-10-05 18:44:03,574 [INFO] PluginManager:213 - loadIPPluginJar : add gfxmmu
2024-10-05 18:44:03,675 [INFO] IPUIPlugin:74 - create IPUIPlugin
2024-10-05 18:44:03,675 [INFO] PluginManager:213 - loadIPPluginJar : add gic
2024-10-05 18:44:03,686 [INFO] IPUIPlugin:74 - create IPUIPlugin
2024-10-05 18:44:03,686 [INFO] PluginManager:213 - loadIPPluginJar : add gpio
2024-10-05 18:44:03,747 [INFO] IPUIPlugin:74 - create IPUIPlugin
2024-10-05 18:44:03,747 [INFO] PluginManager:213 - loadIPPluginJar : add gtzc
2024-10-05 18:44:03,774 [INFO] IPUIPlugin:74 - create IPUIPlugin
2024-10-05 18:44:03,774 [INFO] PluginManager:213 - loadIPPluginJar : add hash
2024-10-05 18:44:03,818 [INFO] IPUIPlugin:74 - create IPUIPlugin
2024-10-05 18:44:03,818 [INFO] PluginManager:213 - loadIPPluginJar : add i2c
2024-10-05 18:44:03,854 [INFO] IPUIPlugin:74 - create IPUIPlugin
2024-10-05 18:44:03,854 [INFO] PluginManager:213 - loadIPPluginJar : add i2s
2024-10-05 18:44:03,864 [INFO] IPUIPlugin:74 - create IPUIPlugin
2024-10-05 18:44:03,864 [INFO] PluginManager:213 - loadIPPluginJar : add ipddr
2024-10-05 18:44:03,940 [INFO] IPUIPlugin:74 - create IPUIPlugin
2024-10-05 18:44:03,940 [INFO] PluginManager:213 - loadIPPluginJar : add linkedlist
2024-10-05 18:44:03,974 [INFO] IPUIPlugin:74 - create IPUIPlugin
2024-10-05 18:44:03,974 [INFO] PluginManager:213 - loadIPPluginJar : add lorawan
2024-10-05 18:44:04,012 [INFO] IPUIPlugin:74 - create IPUIPlugin
2024-10-05 18:44:04,012 [INFO] PluginManager:213 - loadIPPluginJar : add ltdc
2024-10-05 18:44:04,022 [INFO] IPUIPlugin:74 - create IPUIPlugin
2024-10-05 18:44:04,022 [INFO] PluginManager:213 - loadIPPluginJar : add mdma
2024-10-05 18:44:04,024 [INFO] IPUIPlugin:74 - create IPUIPlugin
2024-10-05 18:44:04,033 [INFO] PluginManager:213 - loadIPPluginJar : add nvic
2024-10-05 18:44:04,064 [INFO] IPUIPlugin:74 - create IPUIPlugin
2024-10-05 18:44:04,064 [INFO] PluginManager:213 - loadIPPluginJar : add opamp
2024-10-05 18:44:04,114 [INFO] IPUIPlugin:74 - create IPUIPlugin
2024-10-05 18:44:04,114 [INFO] PluginManager:213 - loadIPPluginJar : add openamp
2024-10-05 18:44:04,154 [INFO] IPUIPlugin:74 - create IPUIPlugin
2024-10-05 18:44:04,154 [INFO] PluginManager:213 - loadIPPluginJar : add pdm2pcm
2024-10-05 18:44:04,164 [INFO] IPUIPlugin:74 - create IPUIPlugin
2024-10-05 18:44:04,169 [INFO] PluginManager:213 - loadIPPluginJar : add plateformsettings
2024-10-05 18:44:04,194 [INFO] IPUIPlugin:74 - create IPUIPlugin
2024-10-05 18:44:04,194 [INFO] PluginManager:213 - loadIPPluginJar : add quadspi
2024-10-05 18:44:04,194 [INFO] IPUIPlugin:74 - create IPUIPlugin
2024-10-05 18:44:04,194 [INFO] PluginManager:213 - loadIPPluginJar : add resmgrutility
2024-10-05 18:44:04,244 [INFO] IPUIPlugin:74 - create IPUIPlugin
2024-10-05 18:44:04,244 [INFO] PluginManager:213 - loadIPPluginJar : add sai
2024-10-05 18:44:04,284 [INFO] IPUIPlugin:74 - create IPUIPlugin
2024-10-05 18:44:04,284 [INFO] PluginManager:213 - loadIPPluginJar : add spi
2024-10-05 18:44:04,344 [INFO] IPUIPlugin:74 - create IPUIPlugin
2024-10-05 18:44:04,344 [INFO] PluginManager:213 - loadIPPluginJar : add stm32_wpan
2024-10-05 18:44:04,384 [INFO] IPUIPlugin:74 - create IPUIPlugin
2024-10-05 18:44:04,384 [INFO] PluginManager:213 - loadIPPluginJar : add tim
2024-10-05 18:44:04,434 [INFO] IPUIPlugin:74 - create IPUIPlugin
2024-10-05 18:44:04,434 [INFO] PluginManager:213 - loadIPPluginJar : add touchsensing
2024-10-05 18:44:04,454 [INFO] IPUIPlugin:74 - create IPUIPlugin
2024-10-05 18:44:04,454 [INFO] PluginManager:213 - loadIPPluginJar : add tracer_emb
2024-10-05 18:44:04,484 [INFO] IPUIPlugin:74 - create IPUIPlugin
2024-10-05 18:44:04,484 [INFO] PluginManager:213 - loadIPPluginJar : add ts
2024-10-05 18:44:04,504 [INFO] IPUIPlugin:74 - create IPUIPlugin
2024-10-05 18:44:04,504 [INFO] PluginManager:213 - loadIPPluginJar : add tsc
2024-10-05 18:44:04,524 [INFO] IPUIPlugin:74 - create IPUIPlugin
2024-10-05 18:44:04,524 [INFO] PluginManager:213 - loadIPPluginJar : add ucpd
2024-10-05 18:44:04,570 [INFO] IPUIPlugin:74 - create IPUIPlugin
2024-10-05 18:44:04,570 [INFO] PluginManager:213 - loadIPPluginJar : add usart
2024-10-05 18:44:04,604 [INFO] IPUIPlugin:74 - create IPUIPlugin
2024-10-05 18:44:04,604 [INFO] PluginManager:213 - loadIPPluginJar : add usbx
2024-10-05 18:44:04,814 [FATAL] Updater:294 - Updater called before beeing initialized
2024-10-05 18:44:04,877 [FATAL] Updater:294 - Updater called before beeing initialized
2024-10-05 18:44:04,884 [INFO] DbMcusAds:47 - JSON generation date=Fri Sep 20 20:04:23 ICT 2024 (1726837463113)
2024-10-05 18:44:04,884 [FATAL] Updater:294 - Updater called before beeing initialized
2024-10-05 18:44:04,909 [WARN] DetailPanel:314 - Failed to get advertising image, set to default
2024-10-05 18:44:04,964 [FATAL] Updater:294 - Updater called before beeing initialized
2024-10-05 18:44:04,964 [FATAL] Updater:294 - Updater called before beeing initialized
2024-10-05 18:44:04,964 [FATAL] Updater:294 - Updater called before beeing initialized
2024-10-05 18:44:04,964 [WARN] DetailPanel:314 - Failed to get advertising image, set to default
2024-10-05 18:44:04,964 [FATAL] Updater:294 - Updater called before beeing initialized
2024-10-05 18:44:04,994 [ERROR] Updater:1075 - MainUpdater not yet initialized. External WinMGr cannot be set.
2024-10-05 18:44:05,004 [INFO] Updater:1012 - Updater Version found : 6.3.0
2024-10-05 18:44:05,024 [INFO] ApplicationProperties:181 - Using Application install path: C:\ST\STM32CubeIDE_1.7.0\STM32CubeIDE\plugins\com.st.stm32cube.common.mx_6.3.0.202107141111
2024-10-05 18:44:05,797 [INFO] ThirdPartyUpdaterWithRetryManager:66 - Updater plugin not ready yet. [2/15]
2024-10-05 18:44:06,344 [INFO] MainUpdater:2671 - connection check result : 10
2024-10-05 18:44:06,344 [INFO] MainUpdater:3359 - Updater definition file requires update
2024-10-05 18:44:06,344 [INFO] MainUpdater:265 - Updater Check For Update Now.
2024-10-05 18:44:06,344 [INFO] MicroXplorer:478 - Change Database Version : DB.6.0.30
2024-10-05 18:44:06,504 [INFO] ServerAccessManage:362 - Download File updaters.zip
2024-10-05 18:44:06,614 [INFO] FileExtend:235 - Unzip File : updaters.zip
2024-10-05 18:44:06,614 [INFO] FileExtend:250 - Standard Zip Deflate
2024-10-05 18:44:07,204 [INFO] ServerAccessManage:362 - Download File PacksControlFlags.xml
2024-10-05 18:44:07,374 [INFO] ServerAccessManage:362 - Download File cubemx.pidx
2024-10-05 18:44:07,794 [INFO] ServerAccessManage:362 - Download File STMicroelectronics.X-CUBE-AI.pdsc
2024-10-05 18:44:08,807 [WARN] MainUpdater:1122 - Updater busy. Cannot search thirdparties
2024-10-05 18:44:08,807 [INFO] ThirdPartyUpdaterWithRetryManager:92 - Updater plugin is busy. [1/15]
2024-10-05 18:44:11,024 [INFO] ServerAccessManage:362 - Download File STMicroelectronics.X-CUBE-IPS.pdsc
2024-10-05 18:44:11,814 [WARN] MainUpdater:1122 - Updater busy. Cannot search thirdparties
2024-10-05 18:44:11,814 [INFO] ThirdPartyUpdaterWithRetryManager:92 - Updater plugin is busy. [2/15]
2024-10-05 18:44:11,924 [INFO] ServerAccessManage:362 - Download File STMicroelectronics.X-CUBE-WB05N.pdsc
2024-10-05 18:44:12,334 [WARN] PackLoader:238 - Cannot read IP mode file for STMicroelectronics.X-CUBE-AI.9.1.0
2024-10-05 18:44:12,334 [WARN] PopulateThirdPartyThread:100 - Error when creating pack: C:/Users/Admin/.stm32cubemx/thirdparties/pdsc/STMicroelectronics.X-CUBE-IPS.pdsc
2024-10-05 18:44:12,344 [WARN] PackLoader:238 - Cannot read IP mode file for STMicroelectronics.X-CUBE-WB05N.1.1.0
2024-10-05 18:44:12,344 [INFO] PopulateThirdPartyThread:60 - Ending populate Thread
2024-10-05 18:44:12,344 [INFO] ThirdParty:967 - CMSIS Pack Vendor :STMicroelectronics X-CUBE-AI 9.1.0
2024-10-05 18:44:12,344 [INFO] ThirdParty:967 - CMSIS Pack Vendor :STMicroelectronics X-CUBE-WB05N 1.1.0
2024-10-05 18:44:12,344 [INFO] LoadServerUpdatesThread:339 - End of LoadServerUpdate Thread
2024-10-05 18:44:12,444 [INFO] CheckServerUpdateThread:112 - End of CheckServer Thread
2024-10-05 18:44:12,514 [INFO] MainUpdater:2671 - connection check result : 10
2024-10-05 18:44:12,534 [INFO] McuFinderGlobals:52 - Set McuFinderConnectedMode to true
2024-10-05 18:44:12,684 [INFO] ServerAccessManage:362 - Download File mcusAds.json._tmp_
2024-10-05 18:44:12,784 [INFO] LoadUrlFilesThread:145 - End of LoadUrlFiles Thread
2024-10-05 18:44:13,814 [INFO] ServerAccessManage:362 - Download File mcusDocs.json._tmp_
2024-10-05 18:44:14,664 [INFO] LoadUrlFilesThread:145 - End of LoadUrlFiles Thread
2024-10-05 18:44:14,824 [WARN] MainUpdater:1122 - Updater busy. Cannot search thirdparties
2024-10-05 18:44:14,824 [INFO] ThirdPartyUpdaterWithRetryManager:92 - Updater plugin is busy. [3/15]
2024-10-05 18:44:15,055 [INFO] ServerAccessManage:362 - Download File mcusFeaturesAndDescription.json._tmp_
2024-10-05 18:44:16,158 [INFO] LoadUrlFilesThread:145 - End of LoadUrlFiles Thread
2024-10-05 18:44:16,538 [INFO] ServerAccessManage:362 - Download File boardsDocs.json._tmp_
2024-10-05 18:44:16,658 [INFO] LoadUrlFilesThread:145 - End of LoadUrlFiles Thread
2024-10-05 18:44:17,059 [INFO] ServerAccessManage:362 - Download File boards.json._tmp_
2024-10-05 18:44:17,372 [INFO] LoadUrlFilesThread:145 - End of LoadUrlFiles Thread
2024-10-05 18:44:17,552 [INFO] ServerAccessManage:362 - Download File cube-finder-db.zip
2024-10-05 18:44:17,827 [WARN] MainUpdater:1122 - Updater busy. Cannot search thirdparties
2024-10-05 18:44:17,827 [INFO] ThirdPartyUpdaterWithRetryManager:92 - Updater plugin is busy. [4/15]
2024-10-05 18:44:20,825 [INFO] FileExtend:235 - Unzip File : cube-finder-db.zip
2024-10-05 18:44:20,826 [INFO] FileExtend:250 - Standard Zip Deflate
2024-10-05 18:44:20,829 [WARN] MainUpdater:1122 - Updater busy. Cannot search thirdparties
2024-10-05 18:44:20,829 [INFO] ThirdPartyUpdaterWithRetryManager:92 - Updater plugin is busy. [5/15]
2024-10-05 18:44:21,382 [INFO] LoadUrlFilesThread:145 - End of LoadUrlFiles Thread
2024-10-05 18:44:23,830 [WARN] MainUpdater:1122 - Updater busy. Cannot search thirdparties
2024-10-05 18:44:23,830 [INFO] ThirdPartyUpdaterWithRetryManager:92 - Updater plugin is busy. [6/15]
2024-10-05 18:44:24,485 [INFO] ServerAccessManage:362 - Download File crdb.zip
2024-10-05 18:44:25,962 [INFO] FileExtend:235 - Unzip File : crdb.zip
2024-10-05 18:44:25,963 [INFO] FileExtend:250 - Standard Zip Deflate
2024-10-05 18:44:26,084 [INFO] LoadUrlFilesThread:145 - End of LoadUrlFiles Thread
2024-10-05 18:44:26,240 [INFO] ServerAccessManage:362 - Download File tutoVideoDB.zip
2024-10-05 18:44:26,300 [INFO] FileExtend:235 - Unzip File : tutoVideoDB.zip
2024-10-05 18:44:26,300 [INFO] FileExtend:250 - Standard Zip Deflate
2024-10-05 18:44:26,412 [INFO] LoadUrlFilesThread:145 - End of LoadUrlFiles Thread
2024-10-05 18:44:26,412 [INFO] DbMcusAds:47 - JSON generation date=Fri Sep 20 20:04:23 ICT 2024 (1726837463113)
2024-10-05 18:44:26,419 [INFO] DbMcusDocs:143 - JSON generation date=Tue Nov 16 23:17:54 ICT 2021 (1637079474)
2024-10-05 18:44:26,420 [INFO] DbMcusXml:100 - Load MCU database from C:\ST\STM32CubeIDE_1.7.0\STM32CubeIDE\plugins\com.st.stm32cube.common.mx_6.3.0.202107141111\\db\/mcu/families.xml
2024-10-05 18:44:26,882 [INFO] DbMcusJson:93 - JSON generation date=Tue Nov 16 23:17:54 ICT 2021 (1637079474)
2024-10-05 18:44:26,918 [ERROR] Engine:463 - C:\Users\Admin\.stm32cubemx\thirdparties\pdsc\STMicroelectronics.FP-SNS-MOTENVWB1.1.4.0.pdsc: PDSC version is not supported
2024-10-05 18:44:26,927 [ERROR] Engine:463 - C:\Users\Admin\.stm32cubemx\thirdparties\pdsc\STMicroelectronics.X-CUBE-SMBUS.2.1.0.pdsc: PDSC version is not supported
2024-10-05 18:44:26,930 [WARN] PackLoader:238 - Cannot read IP mode file for STMicroelectronics.X-CUBE-WB05N.1.1.0
2024-10-05 18:44:26,958 [WARN] PackLoader:238 - Cannot read IP mode file for STMicroelectronics.X-CUBE-AZRTOS-F7.1.1.0
2024-10-05 18:44:27,001 [WARN] PackLoader:238 - Cannot read IP mode file for STMicroelectronics.X-CUBE-MEMS1.11.0.0
2024-10-05 18:44:27,092 [ERROR] Engine:463 - C:\Users\Admin\.stm32cubemx\thirdparties\pdsc\STMicroelectronics.FP-SNS-FLIGHT1.5.0.2.pdsc: PDSC version is not supported
2024-10-05 18:44:27,102 [ERROR] Engine:463 - C:\Users\Admin\.stm32cubemx\thirdparties\pdsc\STMicroelectronics.X-CUBE-DISPLAY.3.0.0.pdsc: PDSC version is not supported
2024-10-05 18:44:27,112 [WARN] PackLoader:238 - Cannot read IP mode file for STMicroelectronics.X-CUBE-BLE1.7.0.0
2024-10-05 18:44:27,122 [WARN] PackLoader:238 - Cannot read IP mode file for STMicroelectronics.X-CUBE-NFC10.1.0.0
2024-10-05 18:44:27,131 [ERROR] Engine:463 - C:\Users\Admin\.stm32cubemx\thirdparties\pdsc\emotas.I-CUBE-CANOPEN.1.3.0.pdsc: PDSC version is not supported
2024-10-05 18:44:27,140 [ERROR] Engine:463 - C:\Users\Admin\.stm32cubemx\thirdparties\pdsc\STMicroelectronics.X-CUBE-BLEMGR.3.1.0.pdsc: PDSC version is not supported
2024-10-05 18:44:27,148 [ERROR] Engine:463 - C:\Users\Admin\.stm32cubemx\thirdparties\pdsc\STMicroelectronics.FP-SNS-SMARTAG2.1.2.0.pdsc: PDSC version is not supported
2024-10-05 18:44:27,194 [INFO] LogOutputStream:76 - [STDOUT_REDIRECT] 1 : Invalid condition id : UX_CORESTACK_Condition cause : null
2024-10-05 18:44:27,196 [INFO] LogOutputStream:76 - [STDOUT_REDIRECT] 1 : Invalid condition id : UX_CORESTACK_Condition cause : null
2024-10-05 18:44:27,197 [INFO] LogOutputStream:76 - [STDOUT_REDIRECT] 1 : Invalid condition id : UX_CORESTACK_Condition cause : null
2024-10-05 18:44:27,197 [INFO] LogOutputStream:76 - [STDOUT_REDIRECT] 1 : Invalid condition id : UX_CORESTACK_Condition cause : null
2024-10-05 18:44:27,197 [INFO] LogOutputStream:76 - [STDOUT_REDIRECT] 1 : Invalid condition id : UX_CORESTACK_Condition cause : null
2024-10-05 18:44:27,200 [WARN] PackLoader:238 - Cannot read IP mode file for STMicroelectronics.X-CUBE-AZRTOS-WL.2.0.0
2024-10-05 18:44:27,210 [ERROR] Engine:463 - C:\Users\Admin\.stm32cubemx\thirdparties\pdsc\STMicroelectronics.FP-SNS-MOTENV1.5.0.0.pdsc: PDSC version is not supported
2024-10-05 18:44:27,212 [WARN] PackLoader:238 - Cannot read IP mode file for wolfSSL.I-CUBE-wolfMQTT.1.19.0
2024-10-05 18:44:27,224 [WARN] PackLoader:238 - Cannot read IP mode file for WES.I-CUBE-Cesium.1.3.0
2024-10-05 18:44:27,231 [INFO] DbMcus:175 - Found 1951 MCUs (1903 are supported by CubeMX, 1914 are visible in CubeMX)
2024-10-05 18:44:27,231 [INFO] ApiDb:251 - Load user favorites file C:\Users\Admin/.stm32cubeide/favorites.mcus.txt: 0 item(s)
2024-10-05 18:44:27,231 [INFO] ApiDb:255 - User favorites MCUs=[]
2024-10-05 18:44:27,231 [INFO] DbMcus:187 - Set 0 / 0 favorites MCUs
2024-10-05 18:44:27,235 [WARN] PackLoader:238 - Cannot read IP mode file for STMicroelectronics.X-CUBE-BLE2.3.3.0
2024-10-05 18:44:27,246 [WARN] PackLoader:238 - Cannot read IP mode file for STMicroelectronics.X-CUBE-NFC9.1.0.0
2024-10-05 18:44:27,257 [ERROR] Engine:463 - C:\Users\Admin\.stm32cubemx\thirdparties\pdsc\STMicroelectronics.X-CUBE-TCPP.4.1.0.pdsc: PDSC version is not supported
2024-10-05 18:44:27,279 [WARN] PackLoader:238 - Cannot read IP mode file for STMicroelectronics.X-CUBE-AZRTOS-G0.1.1.0
2024-10-05 18:44:27,292 [WARN] PackLoader:238 - Cannot read IP mode file for STMicroelectronics.X-CUBE-SAFEA1.1.2.2
2024-10-05 18:44:27,303 [WARN] PackLoader:238 - Cannot read IP mode file for STMicroelectronics.X-CUBE-NFC4.3.0.0
2024-10-05 18:44:27,314 [ERROR] Engine:463 - C:\Users\Admin\.stm32cubemx\thirdparties\pdsc\EmbeddedOffice.I-CUBE-FS-RTOS.1.0.1.pdsc: PDSC version is not supported
2024-10-05 18:44:27,323 [ERROR] Engine:463 - C:\Users\Admin\.stm32cubemx\thirdparties\pdsc\RealThread.X-CUBE-RT-Thread_Nano.4.1.1.pdsc: PDSC version is not supported
2024-10-05 18:44:27,326 [WARN] PackLoader:238 - Cannot read IP mode file for STMicroelectronics.FP-ATR-SIGFOX1.3.2.0
2024-10-05 18:44:27,336 [WARN] PackLoader:238 - Cannot read IP mode file for wolfSSL.I-CUBE-wolfSSL.5.7.2
2024-10-05 18:44:27,347 [WARN] PackLoader:238 - Cannot read IP mode file for STMicroelectronics.X-CUBE-EEPRMA1.5.1.0
2024-10-05 18:44:27,358 [ERROR] Engine:463 - C:\Users\Admin\.stm32cubemx\thirdparties\pdsc\ITTIA_DB.I-CUBE-ITTIADB.8.9.0.pdsc: PDSC version is not supported
2024-10-05 18:44:27,385 [WARN] PackLoader:238 - Cannot read IP mode file for SEGGER.I-CUBE-embOS.1.3.1
2024-10-05 18:44:27,421 [WARN] PackLoader:238 - Cannot read IP mode file for STMicroelectronics.X-CUBE-ALGOBUILD.1.4.0
2024-10-05 18:44:27,424 [WARN] PackLoader:238 - Cannot read IP mode file for STMicroelectronics.X-CUBE-AI.9.1.0
2024-10-05 18:44:27,434 [WARN] PackLoader:238 - Cannot read IP mode file for STMicroelectronics.X-CUBE-GNSS1.6.0.0
2024-10-05 18:44:27,435 [INFO] DbMcusDocs:79 - Found 682 MCUs documents
2024-10-05 18:44:27,436 [INFO] ApiDb:276 - Save user favorites file C:\Users\Admin/.stm32cubeide/favorites.mcus.txt: 0 item(s)
2024-10-05 18:44:27,436 [INFO] ApiDb:280 - User favorites MCUs=[]
2024-10-05 18:44:27,436 [INFO] DbMcusXml:100 - Load MCU database from C:\ST\STM32CubeIDE_1.7.0\STM32CubeIDE\plugins\com.st.stm32cube.common.mx_6.3.0.202107141111\\db\/mcu/families.xml
2024-10-05 18:44:27,456 [WARN] PackLoader:238 - Cannot read IP mode file for STMicroelectronics.X-CUBE-AZRTOS-F4.1.1.0
2024-10-05 18:44:27,469 [WARN] PackLoader:238 - Cannot read IP mode file for STMicroelectronics.X-CUBE-ISPU.2.1.0
2024-10-05 18:44:27,477 [ERROR] Engine:463 - C:\Users\Admin\.stm32cubemx\thirdparties\pdsc\STMicroelectronics.X-CUBE-FREERTOS.1.2.0.pdsc: PDSC version is not supported
2024-10-05 18:44:27,502 [WARN] PackLoader:238 - Cannot read IP mode file for STMicroelectronics.X-CUBE-AZRTOS-L5.2.0.0
2024-10-05 18:44:27,514 [WARN] PackLoader:238 - Cannot read IP mode file for STMicroelectronics.X-CUBE-NFC6.3.1.0
2024-10-05 18:44:27,522 [ERROR] Engine:463 - C:\Users\Admin\.stm32cubemx\thirdparties\pdsc\STMicroelectronics.X-CUBE-DPower.1.2.0.pdsc: PDSC version is not supported
2024-10-05 18:44:27,530 [WARN] PackLoader:238 - Cannot read IP mode file for STMicroelectronics.X-CUBE-AI.9.0.0
2024-10-05 18:44:27,539 [WARN] PackLoader:238 - Cannot read IP mode file for STMicroelectronics.X-CUBE-NFC7.1.0.1
2024-10-05 18:44:27,562 [WARN] ConditionMgr:437 - getConditionDescription Invalid condition id : LAN8742 Phy interface Condition cause : null
2024-10-05 18:44:27,562 [WARN] PackLoader:238 - Cannot read IP mode file for STMicroelectronics.X-CUBE-AZRTOS-L4.2.0.0
2024-10-05 18:44:27,563 [WARN] ConditionMgr:1038 - genDependencies : Invalid condition id : LAN8742 Phy interface Condition cause : null
2024-10-05 18:44:27,564 [WARN] ConditionMgr:1038 - genDependencies : Invalid condition id : LAN8742 Phy interface Condition cause : null
2024-10-05 18:44:27,564 [WARN] ConditionMgr:1038 - genDependencies : Invalid condition id : LAN8742 Phy interface Condition cause : null
2024-10-05 18:44:27,577 [WARN] PackLoader:238 - Cannot read IP mode file for STMicroelectronics.X-CUBE-SFXS2LP1.4.0.0
2024-10-05 18:44:27,604 [WARN] PackLoader:238 - Cannot read IP mode file for STMicroelectronics.X-CUBE-AZRTOS-H7.3.3.0
2024-10-05 18:44:27,609 [ERROR] Engine:463 - C:\Users\Admin\.stm32cubemx\thirdparties\pdsc\STMicroelectronics.X-CUBE-IPS.3.0.0.pdsc: PDSC version is not supported
2024-10-05 18:44:27,628 [WARN] ConditionMgr:437 - getConditionDescription Invalid condition id : UX DEVICE CLASS RTOS Condition cause : null
2024-10-05 18:44:27,628 [WARN] ConditionMgr:437 - getConditionDescription Invalid condition id : UX DEVICE CLASS RTOS Condition cause : null
2024-10-05 18:44:27,629 [WARN] PackLoader:238 - Cannot read IP mode file for STMicroelectronics.X-CUBE-AZRTOS-WB.2.0.0
2024-10-05 18:44:27,629 [WARN] ConditionMgr:1038 - genDependencies : Invalid condition id : UX DEVICE CLASS RTOS Condition cause : null
2024-10-05 18:44:27,629 [WARN] ConditionMgr:1038 - genDependencies : Invalid condition id : UX DEVICE CLASS RTOS Condition cause : null
2024-10-05 18:44:27,630 [WARN] ConditionMgr:1038 - genDependencies : Invalid condition id : UX DEVICE CLASS RTOS Condition cause : null
2024-10-05 18:44:27,630 [WARN] ConditionMgr:1038 - genDependencies : Invalid condition id : UX DEVICE CLASS RTOS Condition cause : null
2024-10-05 18:44:27,630 [WARN] ConditionMgr:1038 - genDependencies : Invalid condition id : UX DEVICE CLASS RTOS Condition cause : null
2024-10-05 18:44:27,642 [WARN] PackLoader:238 - Cannot read IP mode file for STMicroelectronics.X-CUBE-GNSS1.7.0.0
2024-10-05 18:44:27,655 [ERROR] Engine:463 - C:\Users\Admin\.stm32cubemx\thirdparties\pdsc\STMicroelectronics.FP-SNS-STBOX1.2.0.0.pdsc: PDSC version is not supported
2024-10-05 18:44:27,670 [WARN] PackLoader:238 - Cannot read IP mode file for STMicroelectronics.X-CUBE-SUBG2.5.0.0
2024-10-05 18:44:27,681 [ERROR] Engine:463 - C:\Users\Admin\.stm32cubemx\thirdparties\pdsc\Cesanta.I-CUBE-Mongoose.7.13.0.pdsc: PDSC version is not supported
2024-10-05 18:44:27,702 [WARN] PackLoader:238 - Cannot read IP mode file for STMicroelectronics.X-CUBE-AZRTOS-G4.2.0.0
2024-10-05 18:44:27,711 [WARN] PackLoader:238 - Cannot read IP mode file for STMicroelectronics.X-CUBE-ISPU.2.0.0
2024-10-05 18:44:27,751 [ERROR] Engine:463 - C:\Users\Admin\.stm32cubemx\thirdparties\pdsc\STMicroelectronics.X-CUBE-ALS.1.0.2.pdsc: PDSC version is not supported
2024-10-05 18:44:27,762 [WARN] PackLoader:238 - Cannot read IP mode file for STMicroelectronics.X-CUBE-TOUCHGFX.4.24.0
2024-10-05 18:44:27,772 [WARN] PackLoader:238 - Cannot read IP mode file for STMicroelectronics.X-CUBE-TOUCHGFX.4.24.1
2024-10-05 18:44:27,775 [WARN] PackLoader:238 - Cannot read IP mode file for wolfSSL.I-CUBE-wolfTPM.3.4.0
2024-10-05 18:44:27,785 [WARN] PackLoader:238 - Cannot read IP mode file for portGmbH.I-Cube-SoM-uGOAL.1.1.0
2024-10-05 18:44:27,807 [WARN] PackLoader:238 - Cannot read IP mode file for STMicroelectronics.X-CUBE-AZRTOS-H7RS.1.0.0
2024-10-05 18:44:27,809 [INFO] DbMcusJson:93 - JSON generation date=Tue Nov 16 23:17:54 ICT 2021 (1637079474)
2024-10-05 18:44:27,811 [WARN] PackLoader:238 - Cannot read IP mode file for STMicroelectronics.FP-ATR-ASTRA1.2.0.0
2024-10-05 18:44:27,824 [ERROR] Engine:463 - C:\Users\Admin\.stm32cubemx\thirdparties\pdsc\STMicroelectronics.X-CUBE-TOF1.3.4.2.pdsc: PDSC version is not supported
2024-10-05 18:44:27,837 [ERROR] Engine:463 - C:\Users\Admin\.stm32cubemx\thirdparties\pdsc\Infineon.AIROC-Wi-Fi-Bluetooth-STM32.1.6.1.pdsc: PDSC version is not supported
2024-10-05 18:44:27,840 [WARN] PackLoader:238 - Cannot read IP mode file for wolfSSL.I-CUBE-wolfSSH.1.4.17
2024-10-05 18:44:27,841 [INFO] ThirdParty:915 - Integrity check success = true
2024-10-05 18:44:27,841 [INFO] IntegrityCheckThread:94 - exiting critical section [integrity check]
2024-10-05 18:44:27,841 [INFO] IntegrityCheckThread:97 - End integrity checks thread
2024-10-05 18:44:28,136 [INFO] DbMcus:175 - Found 1951 MCUs (1903 are supported by CubeMX, 1914 are visible in CubeMX)
2024-10-05 18:44:28,136 [INFO] ApiDb:251 - Load user favorites file C:\Users\Admin/.stm32cubeide/favorites.mcus.txt: 0 item(s)
2024-10-05 18:44:28,136 [INFO] ApiDb:255 - User favorites MCUs=[]
2024-10-05 18:44:28,136 [INFO] DbMcus:187 - Set 0 / 0 favorites MCUs
2024-10-05 18:44:28,139 [INFO] DbBoardsDocs:143 - JSON generation date=Tue Nov 16 23:17:54 ICT 2021 (1637079474)
2024-10-05 18:44:28,155 [INFO] DbBoardsPdsc:90 - Found 25 items
2024-10-05 18:44:28,162 [INFO] DbBoardsPdsc:90 - Found 9 items
2024-10-05 18:44:28,172 [INFO] DbBoardsPdsc:90 - Found 33 items
2024-10-05 18:44:28,179 [INFO] DbBoardsPdsc:90 - Found 1 items
2024-10-05 18:44:28,191 [INFO] DbBoardsPdsc:90 - Found 48 items
2024-10-05 18:44:28,204 [INFO] DbBoardsPdsc:90 - Found 43 items
2024-10-05 18:44:28,211 [INFO] DbBoardsPdsc:90 - Found 2 items
2024-10-05 18:44:28,218 [INFO] DbBoardsPdsc:90 - Found 5 items
2024-10-05 18:44:28,222 [WARN] DbBoardsPdsc:254 - Board STM32H7B3I-DK: unknown feature type=Audio, name=, username=Audio stereo codec with Headphone Amp (CS42L51-CNZ), n=1
2024-10-05 18:44:28,222 [WARN] DbBoardsPdsc:254 - Board STM32H735G-DK: unknown feature type=Audio, name=, username=Audio stereo codec with Headphone Amp (WM8994ECS/R), n=1
2024-10-05 18:44:28,223 [WARN] DbBoardsPdsc:254 - Board STM32H7B3I-EVAL: unknown feature type=Audio, name=, username=Multi-Channel Audio Codec (CS42L51-CNZ), n=1
2024-10-05 18:44:28,223 [WARN] DbBoardsPdsc:254 - Board STM32H7B3I-EVAL: unknown feature type=Meter, name=, username=Power-metering and Temperature-monitoring with sigma-delta modulators, n=1
2024-10-05 18:44:28,223 [WARN] DbBoardsPdsc:254 - Board STM32H7B3I-EVAL: unknown feature type=Motor, name=, username=Motor Control, n=1
2024-10-05 18:44:28,224 [WARN] DbBoardsPdsc:254 - Board STM32U575I-EV: unknown feature type=joystick, name=, username=4-direction joystick with selection button, n=1
2024-10-05 18:44:28,232 [INFO] DbBoardsJson:86 - JSON generation date=Tue Nov 16 23:17:54 ICT 2021 (1637079474)
2024-10-05 18:44:28,236 [INFO] DbBoards:117 - Found 167 boards (163 are supported by CubeMX)
2024-10-05 18:44:28,237 [INFO] DbBoardsDocs:143 - JSON generation date=Tue Nov 16 23:17:54 ICT 2021 (1637079474)
2024-10-05 18:44:28,240 [INFO] DbBoardsDocs:79 - Found 209 boards documents
2024-10-05 18:44:28,240 [WARN] DbBoards:127 - board B-L475E-IOT01A2 has no document id list !
2024-10-05 18:44:28,241 [WARN] DbBoards:127 - board NUCLEO-H743ZI has no document id list !
2024-10-05 18:44:28,241 [WARN] DbBoards:127 - board NUCLEO-WL55JC2 has no document id list !
2024-10-05 18:44:28,241 [WARN] DbBoards:127 - board P-NUCLEO-WB55-Nucleo has no document id list !
2024-10-05 18:44:28,241 [WARN] DbBoards:127 - board P-NUCLEO-WB55-USBDongle has no document id list !
2024-10-05 18:44:28,241 [WARN] DbBoards:127 - board STEVAL-BFA001V1B has no document id list !
2024-10-05 18:44:28,241 [WARN] DbBoards:127 - board STEVAL-BFA001V2B has no document id list !
2024-10-05 18:44:28,241 [WARN] DbBoards:127 - board STEVAL-IDP005V1 has no document id list !
2024-10-05 18:44:28,241 [WARN] DbBoards:127 - board STEVAL-IDP005V2 has no document id list !
2024-10-05 18:44:28,241 [WARN] DbBoards:127 - board STEVAL-MKSBOX1V1 has no document id list !
2024-10-05 18:44:28,241 [WARN] DbBoards:127 - board STEVAL-STWINKT1 has no document id list !
2024-10-05 18:44:28,241 [WARN] DbBoards:127 - board STEVAL-STWINKT1B has no document id list !
2024-10-05 18:44:28,241 [WARN] DbBoards:127 - board STM32439I-EVAL2 has no document id list !
2024-10-05 18:44:28,242 [WARN] DbBoards:127 - board STM32F401C-DISCO has no document id list !
2024-10-05 18:44:28,242 [WARN] DbBoards:127 - board STM32F769I-DISC1 has no document id list !
2024-10-05 18:44:28,242 [WARN] DbBoards:127 - board STM32G474E-EVAL1 has no document id list !
2024-10-05 18:44:28,242 [WARN] DbBoards:127 - board STM32H743I-EVAL2 has no document id list !
2024-10-05 18:44:28,242 [WARN] DbBoards:127 - board STM32H747I-DISC1 has no document id list !
2024-10-05 18:44:28,243 [WARN] DbBoards:127 - board STM32H753I-EVAL2 has no document id list !
2024-10-05 18:44:28,243 [WARN] DbBoards:127 - board STM32L-DISCOVERY has no document id list !
2024-10-05 18:44:28,324 [ERROR] DbBoards:189 - Image file not found for board B-U585I-IOT02A: C:\ST\STM32CubeIDE_1.7.0\STM32CubeIDE\plugins\com.st.stm32cube.common.mx_6.3.0.202107141111\\db\/plugins/mcufinder/images/boards/B-U585I-IOT02A_small.jpg
2024-10-05 18:44:28,384 [ERROR] DbBoards:189 - Image file not found for board NUCLEO-F413ZH: C:\ST\STM32CubeIDE_1.7.0\STM32CubeIDE\plugins\com.st.stm32cube.common.mx_6.3.0.202107141111\\db\/plugins/mcufinder/images/boards/nucleo-f413zh_small.jpg
2024-10-05 18:44:28,502 [ERROR] DbBoards:189 - Image file not found for board NUCLEO-L552ZE-Q: C:\ST\STM32CubeIDE_1.7.0\STM32CubeIDE\plugins\com.st.stm32cube.common.mx_6.3.0.202107141111\\db\/plugins/mcufinder/images/boards/nucleo_l552ze_q_small.jpg
2024-10-05 18:44:28,502 [ERROR] DbBoards:189 - Image file not found for board NUCLEO-U575ZI-Q: C:\ST\STM32CubeIDE_1.7.0\STM32CubeIDE\plugins\com.st.stm32cube.common.mx_6.3.0.202107141111\\db\/plugins/mcufinder/images/boards/nucleo-u575zi-q_small.jpg
2024-10-05 18:44:28,502 [ERROR] DbBoards:189 - Image file not found for board NUCLEO-WB15CC: C:\ST\STM32CubeIDE_1.7.0\STM32CubeIDE\plugins\com.st.stm32cube.common.mx_6.3.0.202107141111\\db\/plugins/mcufinder/images/boards/nucleo-wb15cc_small.jpg
2024-10-05 18:44:28,502 [ERROR] DbBoards:189 - Image file not found for board NUCLEO-WB55RG: C:\ST\STM32CubeIDE_1.7.0\STM32CubeIDE\plugins\com.st.stm32cube.common.mx_6.3.0.202107141111\\db\/plugins/mcufinder/images/boards/nucleo-wb55rg_small.jpg
2024-10-05 18:44:29,251 [INFO] ApiDb:251 - Load user favorites file C:\Users\Admin/.stm32cubeide/favorites.boards.txt: 0 item(s)
2024-10-05 18:44:29,251 [INFO] ApiDb:255 - User favorites Boards=[]
2024-10-05 18:44:29,251 [INFO] DbBoards:206 - Set 0 / 0 favorites Boards
2024-10-05 18:44:29,253 [INFO] DbBoardsDocs:79 - Found 418 boards documents
2024-10-05 18:44:29,253 [INFO] ApiDb:276 - Save user favorites file C:\Users\Admin/.stm32cubeide/favorites.boards.txt: 0 item(s)
2024-10-05 18:44:29,253 [INFO] ApiDb:280 - User favorites Boards=[]
2024-10-05 18:44:29,256 [INFO] DbBoardsPdsc:90 - Found 25 items
2024-10-05 18:44:29,257 [INFO] DbBoardsPdsc:90 - Found 9 items
2024-10-05 18:44:29,258 [INFO] DbBoardsPdsc:90 - Found 33 items
2024-10-05 18:44:29,259 [INFO] DbBoardsPdsc:90 - Found 1 items
2024-10-05 18:44:29,262 [INFO] DbBoardsPdsc:90 - Found 48 items
2024-10-05 18:44:29,266 [INFO] DbBoardsPdsc:90 - Found 43 items
2024-10-05 18:44:29,266 [INFO] DbBoardsPdsc:90 - Found 2 items
2024-10-05 18:44:29,267 [INFO] DbBoardsPdsc:90 - Found 5 items
2024-10-05 18:44:29,268 [WARN] DbBoardsPdsc:254 - Board STM32H7B3I-DK: unknown feature type=Audio, name=, username=Audio stereo codec with Headphone Amp (CS42L51-CNZ), n=1
2024-10-05 18:44:29,268 [WARN] DbBoardsPdsc:254 - Board STM32H735G-DK: unknown feature type=Audio, name=, username=Audio stereo codec with Headphone Amp (WM8994ECS/R), n=1
2024-10-05 18:44:29,269 [WARN] DbBoardsPdsc:254 - Board STM32H7B3I-EVAL: unknown feature type=Audio, name=, username=Multi-Channel Audio Codec (CS42L51-CNZ), n=1
2024-10-05 18:44:29,269 [WARN] DbBoardsPdsc:254 - Board STM32H7B3I-EVAL: unknown feature type=Meter, name=, username=Power-metering and Temperature-monitoring with sigma-delta modulators, n=1
2024-10-05 18:44:29,269 [WARN] DbBoardsPdsc:254 - Board STM32H7B3I-EVAL: unknown feature type=Motor, name=, username=Motor Control, n=1
2024-10-05 18:44:29,270 [WARN] DbBoardsPdsc:254 - Board STM32U575I-EV: unknown feature type=joystick, name=, username=4-direction joystick with selection button, n=1
2024-10-05 18:44:29,280 [INFO] DbBoardsJson:86 - JSON generation date=Tue Nov 16 23:17:54 ICT 2021 (1637079474)
2024-10-05 18:44:29,282 [INFO] DbBoards:117 - Found 167 boards (163 are supported by CubeMX)
2024-10-05 18:44:29,282 [WARN] DbBoards:127 - board B-L475E-IOT01A2 has no document id list !
2024-10-05 18:44:29,282 [WARN] DbBoards:127 - board NUCLEO-H743ZI has no document id list !
2024-10-05 18:44:29,282 [WARN] DbBoards:127 - board NUCLEO-WL55JC2 has no document id list !
2024-10-05 18:44:29,282 [WARN] DbBoards:127 - board P-NUCLEO-WB55-Nucleo has no document id list !
2024-10-05 18:44:29,283 [WARN] DbBoards:127 - board P-NUCLEO-WB55-USBDongle has no document id list !
2024-10-05 18:44:29,284 [WARN] DbBoards:127 - board STEVAL-BFA001V1B has no document id list !
2024-10-05 18:44:29,284 [WARN] DbBoards:127 - board STEVAL-BFA001V2B has no document id list !
2024-10-05 18:44:29,284 [WARN] DbBoards:127 - board STEVAL-IDP005V1 has no document id list !
2024-10-05 18:44:29,284 [WARN] DbBoards:127 - board STEVAL-IDP005V2 has no document id list !
2024-10-05 18:44:29,284 [WARN] DbBoards:127 - board STEVAL-MKSBOX1V1 has no document id list !
2024-10-05 18:44:29,284 [WARN] DbBoards:127 - board STEVAL-STWINKT1 has no document id list !
2024-10-05 18:44:29,284 [WARN] DbBoards:127 - board STEVAL-STWINKT1B has no document id list !
2024-10-05 18:44:29,284 [WARN] DbBoards:127 - board STM32439I-EVAL2 has no document id list !
2024-10-05 18:44:29,284 [WARN] DbBoards:127 - board STM32F401C-DISCO has no document id list !
2024-10-05 18:44:29,284 [WARN] DbBoards:127 - board STM32F769I-DISC1 has no document id list !
2024-10-05 18:44:29,284 [WARN] DbBoards:127 - board STM32G474E-EVAL1 has no document id list !
2024-10-05 18:44:29,284 [WARN] DbBoards:127 - board STM32H743I-EVAL2 has no document id list !
2024-10-05 18:44:29,284 [WARN] DbBoards:127 - board STM32H747I-DISC1 has no document id list !
2024-10-05 18:44:29,284 [WARN] DbBoards:127 - board STM32H753I-EVAL2 has no document id list !
2024-10-05 18:44:29,284 [WARN] DbBoards:127 - board STM32L-DISCOVERY has no document id list !
2024-10-05 18:44:29,334 [ERROR] DbBoards:189 - Image file not found for board B-U585I-IOT02A: C:\ST\STM32CubeIDE_1.7.0\STM32CubeIDE\plugins\com.st.stm32cube.common.mx_6.3.0.202107141111\\db\/plugins/mcufinder/images/boards/B-U585I-IOT02A_small.jpg
2024-10-05 18:44:29,383 [ERROR] DbBoards:189 - Image file not found for board NUCLEO-F413ZH: C:\ST\STM32CubeIDE_1.7.0\STM32CubeIDE\plugins\com.st.stm32cube.common.mx_6.3.0.202107141111\\db\/plugins/mcufinder/images/boards/nucleo-f413zh_small.jpg
2024-10-05 18:44:29,514 [ERROR] DbBoards:189 - Image file not found for board NUCLEO-L552ZE-Q: C:\ST\STM32CubeIDE_1.7.0\STM32CubeIDE\plugins\com.st.stm32cube.common.mx_6.3.0.202107141111\\db\/plugins/mcufinder/images/boards/nucleo_l552ze_q_small.jpg
2024-10-05 18:44:29,514 [ERROR] DbBoards:189 - Image file not found for board NUCLEO-U575ZI-Q: C:\ST\STM32CubeIDE_1.7.0\STM32CubeIDE\plugins\com.st.stm32cube.common.mx_6.3.0.202107141111\\db\/plugins/mcufinder/images/boards/nucleo-u575zi-q_small.jpg
2024-10-05 18:44:29,514 [ERROR] DbBoards:189 - Image file not found for board NUCLEO-WB15CC: C:\ST\STM32CubeIDE_1.7.0\STM32CubeIDE\plugins\com.st.stm32cube.common.mx_6.3.0.202107141111\\db\/plugins/mcufinder/images/boards/nucleo-wb15cc_small.jpg
2024-10-05 18:44:29,514 [ERROR] DbBoards:189 - Image file not found for board NUCLEO-WB55RG: C:\ST\STM32CubeIDE_1.7.0\STM32CubeIDE\plugins\com.st.stm32cube.common.mx_6.3.0.202107141111\\db\/plugins/mcufinder/images/boards/nucleo-wb55rg_small.jpg
2024-10-05 18:44:29,986 [INFO] ApiDb:251 - Load user favorites file C:\Users\Admin/.stm32cubeide/favorites.boards.txt: 0 item(s)
2024-10-05 18:44:29,988 [INFO] ApiDb:255 - User favorites Boards=[]
2024-10-05 18:44:29,988 [INFO] DbBoards:206 - Set 0 / 0 favorites Boards
2024-10-05 18:44:29,995 [INFO] LoadUrlFilesThread:172 - End of LoadServerUrlFiles without Thread
2024-10-05 18:44:29,995 [INFO] TargetSelectorAdapter:224 - Refresh data is successful
2024-10-05 18:44:30,061 [INFO] ApiDb:479 - Connected to CubeFinder SQLite database (C:\Users\Admin\.stmcufinder\plugins\mcufinder\mcu\cube-finder-db.db)
2024-10-05 18:44:30,492 [ERROR] DbExamplesSqlite:446 - Missing JSON key: board_cpn
2024-10-05 18:44:30,492 [ERROR] DbExamplesSqlite:446 - Missing JSON key: board_cpn
2024-10-05 18:44:30,492 [ERROR] DbExamplesSqlite:446 - Missing JSON key: board_cpn
2024-10-05 18:44:30,492 [ERROR] DbExamplesSqlite:446 - Missing JSON key: board_cpn
2024-10-05 18:44:30,557 [ERROR] DbExamplesSqlite:446 - Missing JSON key: board_cpn
2024-10-05 18:44:30,557 [ERROR] DbExamplesSqlite:446 - Missing JSON key: board_cpn
2024-10-05 18:44:30,558 [ERROR] DbExamplesSqlite:446 - Missing JSON key: board_cpn
2024-10-05 18:44:30,558 [ERROR] DbExamplesSqlite:446 - Missing JSON key: board_cpn
2024-10-05 18:44:30,558 [ERROR] DbExamplesSqlite:446 - Missing JSON key: board_cpn
2024-10-05 18:44:30,558 [ERROR] DbExamplesSqlite:446 - Missing JSON key: board_cpn
2024-10-05 18:44:30,558 [ERROR] DbExamplesSqlite:446 - Missing JSON key: board_cpn
2024-10-05 18:44:30,558 [ERROR] DbExamplesSqlite:446 - Missing JSON key: board_cpn
2024-10-05 18:44:30,558 [ERROR] DbExamplesSqlite:446 - Missing JSON key: board_cpn
2024-10-05 18:44:30,559 [INFO] DbExamplesSqlite:411 - Ignored 28 examples not supported by CubeIDE
2024-10-05 18:44:30,559 [INFO] DbExamplesSqlite:412 - Found 8614 examples active
2024-10-05 18:44:30,559 [INFO] DbExamplesSqlite:413 - Found 0 examples obsolete
2024-10-05 18:44:30,559 [INFO] DbExamplesSqlite:414 - Found 0 examples under development
2024-10-05 18:44:30,559 [INFO] DbExamplesSqlite:415 - Found 10 examples not building
2024-10-05 18:44:30,595 [INFO] DbExamplesSqlite:108 - CubeFinder database Data Model version=2.1
2024-10-05 18:44:30,595 [INFO] DbExamplesSqlite:109 - CubeFinder database Configuration version=3.0.39
2024-10-05 18:44:30,595 [INFO] DbExamplesSqlite:110 - CubeFinder database generation date=2024-09-16 (1726485674)
2024-10-05 18:44:30,595 [INFO] DbExamplesSqlite:111 - CubeFinder database FW Pack versions=[FP-ATR-ASTRA1_V2.0.0, FP-SNS-FLIGHT1_V5.0.2, FP-SNS-MOTENV1_V5.0.0, FP-SNS-MOTENVWB1_V1.4.0, FP-SNS-SMARTAG2_V1.2.0, FP-SNS-STBOX1_V2.0.0, STM32Cube_FW_C0_V1.2.0, STM32Cube_FW_F4_V1.28.1, STM32Cube_FW_F7_V1.17.2, STM32Cube_FW_G0_V1.6.2, STM32Cube_FW_G4_V1.6.0, STM32Cube_FW_H5_V1.3.0, STM32Cube_FW_H7RS_V1.1.0, STM32Cube_FW_H7_V1.11.2, STM32Cube_FW_L0_V1.12.2, STM32Cube_FW_L5_V1.5.1, STM32Cube_FW_U0_V1.1.0, STM32Cube_FW_U5_V1.6.0, STM32Cube_FW_WB0_V1.0.0, STM32Cube_FW_WBA_V1.4.1, STM32Cube_FW_WB_V1.20.0, STM32Cube_FW_WL_V1.3.0, X-CUBE-ALGOBUILD_V1.4.0, X-CUBE-ALS_V1.0.2, X-CUBE-AZRTOS-F4_V1.1.0, X-CUBE-AZRTOS-F7_V1.1.0, X-CUBE-AZRTOS-G0_V1.1.0, X-CUBE-AZRTOS-G4_V2.0.0, X-CUBE-AZRTOS-H7RS_V1.0.0, X-CUBE-AZRTOS-H7_V3.2.0, X-CUBE-AZRTOS-L4_V2.0.0, X-CUBE-AZRTOS-L5_V2.0.0, X-CUBE-AZRTOS-WB_V2.0.0, X-CUBE-AZRTOS-WL_V2.0.0, X-CUBE-BLE1_V7.0.0, X-CUBE-BLE2_V3.3.0, X-CUBE-BLEMGR_V3.1.0, X-CUBE-EEPRMA1_V5.1.0, X-CUBE-FREERTOS_V1.2.0, X-CUBE-GNSS1_V6.0.0, X-CUBE-MEMS1_V11.0.0, X-CUBE-NFC4_V3.0.0, X-CUBE-NFC7_V1.0.1, X-CUBE-SFXS2LP1_V4.0.0, X-CUBE-SUBG2_V5.0.0, X-CUBE-TOF1_V3.4.2]
2024-10-05 18:44:30,596 [INFO] DbExamples:130 - Found 8596 examples
2024-10-05 18:44:31,139 [ERROR] DbExamples:206 - Found 8596 examples with invalid data (board or MCU)
2024-10-05 18:44:31,140 [INFO] DbExamples:222 - Found 80 boards with related examples
2024-10-05 18:44:31,140 [INFO] DbExamples:235 - Found 0 MCUs with related examples
2024-10-05 18:44:31,154 [INFO] ApiDb:242 - User favorites file not found: C:\Users\Admin/.stm32cubeide/favorites.examples.txt
2024-10-05 18:44:31,155 [INFO] DbExamples:256 - Set 0 / 0 favorites Examples
2024-10-05 18:44:31,331 [INFO] McuFinderGlobals:52 - Set McuFinderConnectedMode to false
2024-10-05 18:44:31,384 [INFO] CrossSelectorPresenter:1330 - Cross Selector saved comparison directory: C:\Users\Admin\.stmcufinder\plugins\mcufinder\mcu\cs_comparisons_mx
2024-10-05 18:44:31,388 [INFO] MultiScanPanel:197 - Auto-refresh data requested => check proxy status ongoing
2024-10-05 18:44:31,388 [INFO] MultiScanPanel:201 - Proxy status is invalid
2024-10-05 18:44:31,390 [INFO] FinderPluginLoader:87 - Searching for filters in installed packs
2024-10-05 18:44:31,753 [INFO] DetailPanel:309 - Set advertising image to C:/Users/Admin/STM32Cube/Repository/\en.prom-stm32c071-usb-memories-mcu-finder.png
2024-10-05 18:45:19,194 [INFO] MainUpdater:2671 - connection check result : 10
2024-10-05 18:45:19,194 [INFO] MainUpdater:2671 - connection check result : 10
2024-10-05 18:45:19,224 [INFO] MicroXplorer:448 - Change Database Path : 
2024-10-05 18:45:19,224 [INFO] MicroXplorer:478 - Change Database Version : DB.6.0.30
2024-10-05 18:45:19,224 [WARN] ThirdParty:813 - waiting for thirdparty lock release [close project]
2024-10-05 18:45:19,224 [INFO] ThirdParty:815 - entering critical section [close project]
2024-10-05 18:45:19,224 [INFO] ThirdParty:825 - exiting critical section [close project]
2024-10-05 18:45:19,229 [INFO] PinOutPanel:1463 - setPackage(No Configuration,No Configuration)
2024-10-05 18:45:19,229 [INFO] UtilMem:74 - Begin LoadConfig() Used Memory: 873353656 Bytes (1073741824)
2024-10-05 18:45:19,231 [INFO] MicroXplorer:448 - Change Database Path : 
2024-10-05 18:45:19,231 [INFO] MicroXplorer:478 - Change Database Version : DB.6.0.30
2024-10-05 18:45:19,231 [INFO] OpenFileManager:313 - Change cursor
2024-10-05 18:45:19,954 [INFO] Context:592 - Trying to add GPIOservice into a context  which must be forbidden
2024-10-05 18:45:20,094 [INFO] ImportTextPane:167 - (OptionalMessage_ERROR) Unable to find key (Mcu.ThirdPartyNb) in loaded IOC file
2024-10-05 18:45:20,094 [INFO] ImportTextPane:167 - (OptionalMessage_ERROR) Unable to find key (Mcu.PinsNb) in loaded IOC file
2024-10-05 18:45:20,094 [INFO] ImportTextPane:167 - (OptionalMessage_ERROR) Unable to find key (Mcu.IPNb) in loaded IOC file
2024-10-05 18:45:20,114 [WARN] ApiManager:304 - Cannot register API 'Board Extension:NFC09A1' from pack STMicroelectronics.X-CUBE-NFC9.1.0.0: no header file found
2024-10-05 18:45:20,114 [WARN] ApiManager:304 - Cannot register API 'Board Extension:GNSS1A1' from pack STMicroelectronics.X-CUBE-GNSS1.6.0.0: no header file found
2024-10-05 18:45:20,114 [WARN] ApiManager:304 - Cannot register API 'Board Support:Custom' from pack STMicroelectronics.X-CUBE-GNSS1.6.0.0: no header file found
2024-10-05 18:45:20,114 [WARN] ApiManager:304 - Cannot register API 'Data Exchange:lib_gnss' from pack STMicroelectronics.X-CUBE-GNSS1.6.0.0: no header file found
2024-10-05 18:45:20,124 [WARN] ApiManager:304 - Cannot register API 'Wireless:STM32WB05N' from pack STMicroelectronics.X-CUBE-WB05N.1.1.0: no header file found
2024-10-05 18:45:20,124 [WARN] ApiManager:304 - Cannot register API 'Board Extension:GNSS1A1' from pack STMicroelectronics.X-CUBE-GNSS1.7.0.0: no header file found
2024-10-05 18:45:20,124 [WARN] ApiManager:304 - Cannot register API 'Board Support:Custom' from pack STMicroelectronics.X-CUBE-GNSS1.7.0.0: no header file found
2024-10-05 18:45:20,124 [WARN] ApiManager:304 - Cannot register API 'Data Exchange:lib_gnss' from pack STMicroelectronics.X-CUBE-GNSS1.7.0.0: no header file found
2024-10-05 18:45:20,131 [WARN] ApiManager:304 - Cannot register API 'Board Extension:NFC06A1' from pack STMicroelectronics.X-CUBE-NFC6.3.1.0: no header file found
2024-10-05 18:45:20,131 [WARN] ApiManager:304 - Cannot register API 'Board Extension:NFC08A1' from pack STMicroelectronics.X-CUBE-NFC6.3.1.0: no header file found
2024-10-05 18:45:20,234 [WARN] ApiManager:304 - Cannot register API 'Board Extension:IKS01A3' from pack STMicroelectronics.X-CUBE-MEMS1.11.0.0: no header file found
2024-10-05 18:45:20,234 [WARN] ApiManager:304 - Cannot register API 'Board Extension:IKS02A1' from pack STMicroelectronics.X-CUBE-MEMS1.11.0.0: no header file found
2024-10-05 18:45:20,234 [WARN] ApiManager:304 - Cannot register API 'Board Extension:IKS4A1' from pack STMicroelectronics.X-CUBE-MEMS1.11.0.0: no header file found
2024-10-05 18:45:20,239 [INFO] RtosManager:484 - Registered RTOS mode: class=CMSIS, group=RTOS, mode=CMSIS_V1, owner=FREERTOS
2024-10-05 18:45:20,239 [INFO] RtosManager:484 - Registered RTOS mode: class=CMSIS, group=RTOS2, mode=CMSIS_V2, owner=FREERTOS
2024-10-05 18:45:20,239 [INFO] RtosManager:484 - Registered RTOS mode: class=RTOS, group=Core, mode=CMSIS_V1, owner=FREERTOS
2024-10-05 18:45:20,239 [INFO] RtosManager:484 - Registered RTOS mode: class=RTOS, group=Core, mode=CMSIS_V2, owner=FREERTOS
2024-10-05 18:45:20,239 [WARN] ModelIntegratedComponent:181 - Missing modes for component STMicroelectronics:FreeRTOS:0.0.1:STMicroelectronics:RTOS:FreeRTOS:Core:::10.2.0:
2024-10-05 18:45:20,244 [WARN] ApiManager:304 - Cannot register API 'Board Extension:STSAFEA1' from pack STMicroelectronics.X-CUBE-SAFEA1.1.2.2: no header file found
2024-10-05 18:45:20,244 [WARN] ApiManager:304 - Cannot register API 'Board Part:STSAFEA110' from pack STMicroelectronics.X-CUBE-SAFEA1.1.2.2: no header file found
2024-10-05 18:45:20,244 [WARN] ApiManager:304 - Cannot register API 'Security:ST_Cryptolib' from pack STMicroelectronics.X-CUBE-SAFEA1.1.2.2: no header file found
2024-10-05 18:45:20,244 [WARN] ApiManager:304 - Cannot register API 'Security:MbedTLS' from pack STMicroelectronics.X-CUBE-SAFEA1.1.2.2: no header file found
2024-10-05 18:45:20,244 [WARN] ApiManager:304 - Cannot register API 'Board Extension:NFC04A1' from pack STMicroelectronics.X-CUBE-NFC4.3.0.0: no header file found
2024-10-05 18:45:20,244 [WARN] ApiManager:304 - Cannot register API 'Board Extension:S2868A1' from pack STMicroelectronics.X-CUBE-SUBG2.5.0.0: no header file found
2024-10-05 18:45:20,244 [WARN] ApiManager:304 - Cannot register API 'Board Extension:S2868A2' from pack STMicroelectronics.X-CUBE-SUBG2.5.0.0: no header file found
2024-10-05 18:45:20,244 [WARN] ApiManager:304 - Cannot register API 'Board Extension:S2915A1' from pack STMicroelectronics.X-CUBE-SUBG2.5.0.0: no header file found
2024-10-05 18:45:20,244 [WARN] ApiManager:304 - Cannot register API 'Wireless:BlueNRG-MS' from pack STMicroelectronics.X-CUBE-BLE1.7.0.0: no header file found
2024-10-05 18:45:20,244 [WARN] ApiManager:304 - Cannot register API 'Board Extension:NFC10A1' from pack STMicroelectronics.X-CUBE-NFC10.1.0.0: no header file found
2024-10-05 18:45:20,244 [WARN] ApiManager:304 - Cannot register API 'Board Extension:EEPRMA2' from pack STMicroelectronics.X-CUBE-EEPRMA1.5.1.0: no header file found
2024-10-05 18:45:20,244 [WARN] ApiManager:304 - Cannot register API 'Board Extension:PGEEZ1' from pack STMicroelectronics.X-CUBE-EEPRMA1.5.1.0: no header file found
2024-10-05 18:45:20,244 [WARN] ApiManager:304 - Cannot register API 'Board Extension:EEICA1' from pack STMicroelectronics.X-CUBE-EEPRMA1.5.1.0: no header file found
2024-10-05 18:45:20,244 [WARN] ApiManager:304 - Cannot register API 'Board Part:M24' from pack STMicroelectronics.X-CUBE-EEPRMA1.5.1.0: no header file found
2024-10-05 18:45:20,244 [WARN] ApiManager:304 - Cannot register API 'Board Part:M95' from pack STMicroelectronics.X-CUBE-EEPRMA1.5.1.0: no header file found
2024-10-05 18:45:20,244 [WARN] ApiManager:304 - Cannot register API 'Board Part:M95P32' from pack STMicroelectronics.X-CUBE-EEPRMA1.5.1.0: no header file found
2024-10-05 18:45:20,244 [WARN] ApiManager:304 - Cannot register API 'Board Part:M24256E-F' from pack STMicroelectronics.X-CUBE-EEPRMA1.5.1.0: no header file found
2024-10-05 18:45:20,244 [WARN] ApiManager:304 - Cannot register API 'Board Part:M24M01E-F' from pack STMicroelectronics.X-CUBE-EEPRMA1.5.1.0: no header file found
2024-10-05 18:45:20,244 [WARN] ApiManager:304 - Cannot register API 'PGEEZ1:SPI' from pack STMicroelectronics.X-CUBE-EEPRMA1.5.1.0: no header file found
2024-10-05 18:45:20,244 [WARN] ApiManager:304 - Cannot register API 'PGEEZ1:QDSPI' from pack STMicroelectronics.X-CUBE-EEPRMA1.5.1.0: no header file found
2024-10-05 18:45:20,244 [WARN] ModelIntegratedComponent:60 - No mode defined for component null
2024-10-05 18:45:20,244 [WARN] ModelIntegratedComponent:60 - No mode defined for component null
2024-10-05 18:45:20,244 [WARN] ModelIntegratedComponent:60 - No mode defined for component null
2024-10-05 18:45:20,244 [WARN] ModelIntegratedComponent:60 - No mode defined for component null
2024-10-05 18:45:20,244 [WARN] ModelIntegratedComponent:60 - No mode defined for component null
2024-10-05 18:45:20,244 [WARN] ModelIntegratedComponent:60 - No mode defined for component null
2024-10-05 18:45:20,244 [WARN] ModelIntegratedComponent:60 - No mode defined for component null
2024-10-05 18:45:20,244 [WARN] ModelIntegratedComponent:60 - No mode defined for component null
2024-10-05 18:45:20,244 [WARN] ModelIntegratedComponent:60 - No mode defined for component null
2024-10-05 18:45:20,244 [WARN] ModelIntegratedComponent:60 - No mode defined for component null
2024-10-05 18:45:20,244 [WARN] ModelIntegratedComponent:60 - No mode defined for component null
2024-10-05 18:45:20,244 [WARN] ModelIntegratedComponent:60 - No mode defined for component null
2024-10-05 18:45:20,244 [WARN] ModelIntegratedComponent:60 - No mode defined for component null
2024-10-05 18:45:20,244 [WARN] ModelIntegratedComponent:60 - No mode defined for component null
2024-10-05 18:45:20,244 [WARN] ModelIntegratedComponent:60 - No mode defined for component null
2024-10-05 18:45:20,244 [WARN] ModelIntegratedComponent:60 - No mode defined for component null
2024-10-05 18:45:20,244 [WARN] ModelIntegratedComponent:60 - No mode defined for component null
2024-10-05 18:45:20,244 [WARN] ModelIntegratedComponent:60 - No mode defined for component null
2024-10-05 18:45:20,244 [WARN] ModelIntegratedComponent:60 - No mode defined for component null
2024-10-05 18:45:20,244 [WARN] ModelIntegratedComponent:60 - No mode defined for component null
2024-10-05 18:45:20,244 [WARN] ModelIntegratedComponent:60 - No mode defined for component null
2024-10-05 18:45:20,244 [WARN] ModelIntegratedComponent:60 - No mode defined for component null
2024-10-05 18:45:20,244 [WARN] ModelIntegratedComponent:60 - No mode defined for component null
2024-10-05 18:45:20,244 [WARN] ModelIntegratedComponent:60 - No mode defined for component null
2024-10-05 18:45:20,244 [WARN] ModelIntegratedComponent:60 - No mode defined for component null
2024-10-05 18:45:20,244 [WARN] ModelIntegratedComponent:60 - No mode defined for component null
2024-10-05 18:45:20,244 [WARN] ModelIntegratedComponent:60 - No mode defined for component null
2024-10-05 18:45:20,244 [WARN] ModelIntegratedComponent:60 - No mode defined for component null
2024-10-05 18:45:20,244 [WARN] ModelIntegratedComponent:60 - No mode defined for component null
2024-10-05 18:45:20,244 [WARN] ModelIntegratedComponent:60 - No mode defined for component null
2024-10-05 18:45:20,244 [WARN] ModelIntegratedComponent:60 - No mode defined for component null
2024-10-05 18:45:20,244 [WARN] ApiManager:304 - Cannot register API 'Board Extension:NFC07A1' from pack STMicroelectronics.X-CUBE-NFC7.1.0.1: no header file found
2024-10-05 18:45:20,254 [WARN] ApiManager:304 - Cannot register API 'Board Extension:S2868A1' from pack STMicroelectronics.X-CUBE-SFXS2LP1.4.0.0: no header file found
2024-10-05 18:45:20,254 [WARN] ApiManager:304 - Cannot register API 'Board Extension:S2868A2' from pack STMicroelectronics.X-CUBE-SFXS2LP1.4.0.0: no header file found
2024-10-05 18:45:20,254 [WARN] ApiManager:304 - Cannot register API 'Board Extension:S2915A1' from pack STMicroelectronics.X-CUBE-SFXS2LP1.4.0.0: no header file found
2024-10-05 18:45:20,254 [WARN] ApiManager:304 - Cannot register API 'Wireless:BlueNRG-2' from pack STMicroelectronics.X-CUBE-BLE2.3.3.0: no header file found
2024-10-05 18:45:21,334 [INFO] UtilMem:74 - End LoadConfig() Used Memory: 921005376 Bytes (1073741824)
2024-10-05 18:45:21,340 [WARN] ThirdParty:779 - waiting for thirdparty lock release [change project]
2024-10-05 18:45:21,340 [INFO] ThirdParty:781 - entering critical section [change project]
2024-10-05 18:45:21,340 [INFO] ThirdParty:967 - CMSIS Pack Vendor :STMicroelectronics X-CUBE-AZRTOS-H7 3.3.0
2024-10-05 18:45:21,340 [INFO] ThirdParty:967 - CMSIS Pack Vendor :STMicroelectronics X-CUBE-NFC9 1.0.0
2024-10-05 18:45:21,340 [INFO] ThirdParty:967 - CMSIS Pack Vendor :STMicroelectronics X-CUBE-GNSS1 6.0.0
2024-10-05 18:45:21,340 [INFO] ThirdParty:967 - CMSIS Pack Vendor :STMicroelectronics USB_HOST 2.0.0
2024-10-05 18:45:21,340 [INFO] ThirdParty:967 - CMSIS Pack Vendor :STMicroelectronics X-CUBE-AZRTOS-F4 1.1.0
2024-10-05 18:45:21,340 [INFO] ThirdParty:967 - CMSIS Pack Vendor :STMicroelectronics X-CUBE-WB05N 1.1.0
2024-10-05 18:45:21,340 [INFO] ThirdParty:967 - CMSIS Pack Vendor :STMicroelectronics USB_DEVICE 3.0.0
2024-10-05 18:45:21,340 [INFO] ThirdParty:967 - CMSIS Pack Vendor :STMicroelectronics X-CUBE-ISPU 2.1.0
2024-10-05 18:45:21,340 [INFO] ThirdParty:967 - CMSIS Pack Vendor :STMicroelectronics X-CUBE-AZRTOS-WB 2.0.0
2024-10-05 18:45:21,340 [INFO] ThirdParty:967 - CMSIS Pack Vendor :STMicroelectronics X-CUBE-GNSS1 7.0.0
2024-10-05 18:45:21,340 [INFO] ThirdParty:967 - CMSIS Pack Vendor :STMicroelectronics X-CUBE-AZRTOS-F7 1.1.0
2024-10-05 18:45:21,340 [INFO] ThirdParty:967 - CMSIS Pack Vendor :STMicroelectronics X-CUBE-AZRTOS-L5 2.0.0
2024-10-05 18:45:21,340 [INFO] ThirdParty:967 - CMSIS Pack Vendor :STMicroelectronics USB_DEVICE 2.0.0
2024-10-05 18:45:21,340 [INFO] ThirdParty:967 - CMSIS Pack Vendor :STMicroelectronics X-CUBE-NFC6 3.1.0
2024-10-05 18:45:21,340 [INFO] ThirdParty:967 - CMSIS Pack Vendor :STMicroelectronics X-CUBE-MEMS1 11.0.0
2024-10-05 18:45:21,340 [INFO] ThirdParty:967 - CMSIS Pack Vendor :STMicroelectronics FreeRTOS 0.0.1
2024-10-05 18:45:21,340 [INFO] ThirdParty:967 - CMSIS Pack Vendor :STMicroelectronics X-CUBE-AZRTOS-G0 1.1.0
2024-10-05 18:45:21,340 [INFO] ThirdParty:967 - CMSIS Pack Vendor :STMicroelectronics X-CUBE-SAFEA1 1.2.2
2024-10-05 18:45:21,340 [INFO] ThirdParty:967 - CMSIS Pack Vendor :STMicroelectronics X-CUBE-NFC4 3.0.0
2024-10-05 18:45:21,340 [INFO] ThirdParty:967 - CMSIS Pack Vendor :STMicroelectronics X-CUBE-SUBG2 5.0.0
2024-10-05 18:45:21,340 [INFO] ThirdParty:967 - CMSIS Pack Vendor :STMicroelectronics lwIP 2.0.3
2024-10-05 18:45:21,340 [INFO] ThirdParty:967 - CMSIS Pack Vendor :STMicroelectronics USB_HOST 1.0.0
2024-10-05 18:45:21,340 [INFO] ThirdParty:967 - CMSIS Pack Vendor :STMicroelectronics X-CUBE-AI 9.0.0
2024-10-05 18:45:21,340 [INFO] ThirdParty:967 - CMSIS Pack Vendor :STMicroelectronics X-CUBE-AZRTOS-G4 2.0.0
2024-10-05 18:45:21,340 [INFO] ThirdParty:967 - CMSIS Pack Vendor :STMicroelectronics PDM2PCM 3.1.0
2024-10-05 18:45:21,344 [INFO] ThirdParty:967 - CMSIS Pack Vendor :STMicroelectronics PDM2PCM 3.3.0
2024-10-05 18:45:21,344 [INFO] ThirdParty:967 - CMSIS Pack Vendor :STMicroelectronics X-CUBE-BLE1 7.0.0
2024-10-05 18:45:21,344 [INFO] ThirdParty:967 - CMSIS Pack Vendor :STMicroelectronics FP-ATR-SIGFOX1 3.2.0
2024-10-05 18:45:21,344 [INFO] ThirdParty:967 - CMSIS Pack Vendor :STMicroelectronics X-CUBE-NFC10 1.0.0
2024-10-05 18:45:21,344 [INFO] ThirdParty:967 - CMSIS Pack Vendor :wolfSSL I-CUBE-wolfSSL 5.7.2
2024-10-05 18:45:21,344 [INFO] ThirdParty:967 - CMSIS Pack Vendor :STMicroelectronics X-CUBE-ISPU 2.0.0
2024-10-05 18:45:21,344 [INFO] ThirdParty:967 - CMSIS Pack Vendor :STMicroelectronics X-CUBE-EEPRMA1 5.1.0
2024-10-05 18:45:21,344 [INFO] ThirdParty:967 - CMSIS Pack Vendor :STMicroelectronics HAL Drivers 0.0.0
2024-10-05 18:45:21,344 [INFO] ThirdParty:967 - CMSIS Pack Vendor :STMicroelectronics MBEDTLS 2.16.2
2024-10-05 18:45:21,344 [INFO] ThirdParty:967 - CMSIS Pack Vendor :STMicroelectronics X-CUBE-NFC7 1.0.1
2024-10-05 18:45:21,344 [INFO] ThirdParty:967 - CMSIS Pack Vendor :STMicroelectronics MBEDTLS 2.14.1
2024-10-05 18:45:21,344 [INFO] ThirdParty:967 - CMSIS Pack Vendor :STMicroelectronics X-CUBE-TOUCHGFX 4.24.0
2024-10-05 18:45:21,344 [INFO] ThirdParty:967 - CMSIS Pack Vendor :STMicroelectronics X-CUBE-TOUCHGFX 4.24.1
2024-10-05 18:45:21,344 [INFO] ThirdParty:967 - CMSIS Pack Vendor :wolfSSL I-CUBE-wolfTPM 3.4.0
2024-10-05 18:45:21,344 [INFO] ThirdParty:967 - CMSIS Pack Vendor :portGmbH I-Cube-SoM-uGOAL 1.1.0
2024-10-05 18:45:21,344 [INFO] ThirdParty:967 - CMSIS Pack Vendor :STMicroelectronics X-CUBE-AZRTOS-WL 2.0.0
2024-10-05 18:45:21,344 [INFO] ThirdParty:967 - CMSIS Pack Vendor :SEGGER I-CUBE-embOS 1.3.1
2024-10-05 18:45:21,344 [INFO] ThirdParty:967 - CMSIS Pack Vendor :STMicroelectronics X-CUBE-ALGOBUILD 1.4.0
2024-10-05 18:45:21,344 [INFO] ThirdParty:967 - CMSIS Pack Vendor :STMicroelectronics USB_DEVICE 1.0.0
2024-10-05 18:45:21,344 [INFO] ThirdParty:967 - CMSIS Pack Vendor :STMicroelectronics X-CUBE-AZRTOS-H7RS 1.0.0
2024-10-05 18:45:21,344 [INFO] ThirdParty:967 - CMSIS Pack Vendor :wolfSSL I-CUBE-wolfMQTT 1.19.0
2024-10-05 18:45:21,344 [INFO] ThirdParty:967 - CMSIS Pack Vendor :STMicroelectronics X-CUBE-AZRTOS-L4 2.0.0
2024-10-05 18:45:21,344 [INFO] ThirdParty:967 - CMSIS Pack Vendor :STMicroelectronics ThreadX 0.0.2
2024-10-05 18:45:21,344 [INFO] ThirdParty:967 - CMSIS Pack Vendor :WES I-CUBE-Cesium 1.3.0
2024-10-05 18:45:21,344 [INFO] ThirdParty:967 - CMSIS Pack Vendor :STMicroelectronics FP-ATR-ASTRA1 2.0.0
2024-10-05 18:45:21,344 [INFO] ThirdParty:967 - CMSIS Pack Vendor :STMicroelectronics lwIP 2.1.2
2024-10-05 18:45:21,344 [INFO] ThirdParty:967 - CMSIS Pack Vendor :STMicroelectronics X-CUBE-SFXS2LP1 4.0.0
2024-10-05 18:45:21,344 [INFO] ThirdParty:967 - CMSIS Pack Vendor :STMicroelectronics X-CUBE-BLE2 3.3.0
2024-10-05 18:45:21,344 [INFO] ThirdParty:967 - CMSIS Pack Vendor :STMicroelectronics X-CUBE-AI 9.1.0
2024-10-05 18:45:21,344 [INFO] ThirdParty:967 - CMSIS Pack Vendor :STMicroelectronics PDM2PCM 3.2.0
2024-10-05 18:45:21,344 [INFO] ThirdParty:967 - CMSIS Pack Vendor :wolfSSL I-CUBE-wolfSSH 1.4.17
2024-10-05 18:45:21,344 [INFO] ThirdParty:787 - exiting critical section [change project]
2024-10-05 18:45:21,474 [INFO] PinOutPanel:1463 - setPackage(No Configuration,No Configuration)
2024-10-05 18:45:21,474 [INFO] PinOutPanel:1463 - setPackage(STM32F103C6Tx,LQFP48)
2024-10-05 18:45:21,714 [INFO] UtilMem:74 - Before build in PCC Used Memory: 819657728 Bytes (1073741824)
2024-10-05 18:45:22,074 [INFO] UtilMem:74 - After build in PCC Used Memory: 898300928 Bytes (1073741824)
2024-10-05 18:45:22,087 [INFO] IPUIPlugin:74 - create IPUIPlugin
2024-10-05 18:45:22,087 [INFO] IPUIPlugin:74 - create IPUIPlugin
2024-10-05 18:45:22,087 [INFO] IPUIPlugin:74 - create IPUIPlugin
2024-10-05 18:45:22,087 [INFO] IPUIPlugin:74 - create IPUIPlugin
2024-10-05 18:45:22,087 [INFO] IPUIPlugin:74 - create IPUIPlugin
2024-10-05 18:45:22,087 [INFO] IPUIPlugin:74 - create IPUIPlugin
2024-10-05 18:45:22,087 [INFO] IPUIPlugin:74 - create IPUIPlugin
2024-10-05 18:45:22,087 [INFO] IPUIPlugin:74 - create IPUIPlugin
2024-10-05 18:45:22,087 [INFO] IPUIPlugin:74 - create IPUIPlugin
2024-10-05 18:45:22,087 [INFO] IPUIPlugin:74 - create IPUIPlugin
2024-10-05 18:45:22,087 [INFO] IPUIPlugin:74 - create IPUIPlugin
2024-10-05 18:45:22,087 [INFO] IPUIPlugin:74 - create IPUIPlugin
2024-10-05 18:45:22,087 [INFO] IPUIPlugin:74 - create IPUIPlugin
2024-10-05 18:45:22,087 [INFO] IPUIPlugin:74 - create IPUIPlugin
2024-10-05 18:45:22,087 [INFO] IPUIPlugin:74 - create IPUIPlugin
2024-10-05 18:45:22,087 [INFO] IPUIPlugin:74 - create IPUIPlugin
2024-10-05 18:45:22,087 [INFO] IPUIPlugin:74 - create IPUIPlugin
2024-10-05 18:45:22,087 [INFO] IPUIPlugin:74 - create IPUIPlugin
2024-10-05 18:45:22,087 [INFO] IPUIPlugin:74 - create IPUIPlugin
2024-10-05 18:45:22,094 [INFO] IPUIPlugin:74 - create IPUIPlugin
2024-10-05 18:45:22,094 [INFO] IPUIPlugin:74 - create IPUIPlugin
2024-10-05 18:45:22,094 [INFO] IPUIPlugin:74 - create IPUIPlugin
2024-10-05 18:45:22,094 [INFO] IPUIPlugin:74 - create IPUIPlugin
2024-10-05 18:45:22,166 [INFO] OpenFileManager:333 - Restore cursor
2024-10-05 18:45:22,324 [INFO] UtilMem:74 - End SaveConfig() Used Memory: 776522848 Bytes (1073741824)
2024-10-05 18:45:22,354 [INFO] UtilMem:74 - End SaveConfig() Used Memory: 789080872 Bytes (1073741824)
2024-10-05 18:45:22,530 [INFO] BlockDiagram:2740 - set Specific Code input for plugin: NVIC
2024-10-05 18:45:22,530 [INFO] BlockDiagram:2740 - set Specific Code input for plugin: SYS
2024-10-05 18:45:22,530 [INFO] BlockDiagram:2740 - set Specific Code input for plugin: RCC
2024-10-05 18:45:22,530 [INFO] CodeGenerator:663 - code generatio: config db path: C:\ST\STM32CubeIDE_1.7.0\STM32CubeIDE\plugins\com.st.stm32cube.common.mx_6.3.0.202107141111\\db\
2024-10-05 18:45:22,689 [INFO] CodeEngine:239 - oldGeneratedFile, C:\Users\Admin\Documents\STM32_LAB2\PROJECT\LAB2\MXTmpFiles\license.tmp_save
2024-10-05 18:45:22,874 [INFO] CodeEngine:257 - Generated code: C:\Users\Admin\Documents\STM32_LAB2\PROJECT\LAB2\MXTmpFiles\license.tmp
2024-10-05 18:45:22,984 [INFO] CodeEngine:239 - oldGeneratedFile, C:\Users\Admin\Documents\STM32_LAB2\PROJECT\LAB2\Core\Src\stm32f1xx_it.c_save
2024-10-05 18:45:23,059 [INFO] CodeEngine:257 - Generated code: C:\Users\Admin\Documents\STM32_LAB2\PROJECT\LAB2\Core\Src\stm32f1xx_it.c
2024-10-05 18:45:23,064 [INFO] CodeEngine:239 - oldGeneratedFile, C:\Users\Admin\Documents\STM32_LAB2\PROJECT\LAB2\Core\Inc\stm32f1xx_it.h_save
2024-10-05 18:45:23,119 [INFO] CodeEngine:257 - Generated code: C:\Users\Admin\Documents\STM32_LAB2\PROJECT\LAB2\Core\Inc\stm32f1xx_it.h
2024-10-05 18:45:23,134 [INFO] CodeEngine:239 - oldGeneratedFile, C:\Users\Admin\Documents\STM32_LAB2\PROJECT\LAB2\Core\Src\stm32f1xx_hal_msp.c_save
2024-10-05 18:45:23,194 [INFO] CodeEngine:257 - Generated code: C:\Users\Admin\Documents\STM32_LAB2\PROJECT\LAB2\Core\Src\stm32f1xx_hal_msp.c
2024-10-05 18:45:23,204 [INFO] CodeEngine:239 - oldGeneratedFile, C:\Users\Admin\Documents\STM32_LAB2\PROJECT\LAB2\MXTmpFiles\system.tmp_save
2024-10-05 18:45:23,239 [INFO] CodeEngine:257 - Generated code: C:\Users\Admin\Documents\STM32_LAB2\PROJECT\LAB2\MXTmpFiles\system.tmp
2024-10-05 18:45:23,249 [INFO] CodeEngine:239 - oldGeneratedFile, C:\Users\Admin\Documents\STM32_LAB2\PROJECT\LAB2\Core\Inc\stm32f1xx_hal_conf.h_save
2024-10-05 18:45:23,314 [INFO] CodeEngine:257 - Generated code: C:\Users\Admin\Documents\STM32_LAB2\PROJECT\LAB2\Core\Inc\stm32f1xx_hal_conf.h
2024-10-05 18:45:23,359 [INFO] CodeEngine:239 - oldGeneratedFile, C:\Users\Admin\Documents\STM32_LAB2\PROJECT\LAB2\Core\Inc\main.h_save
2024-10-05 18:45:23,444 [INFO] CodeEngine:257 - Generated code: C:\Users\Admin\Documents\STM32_LAB2\PROJECT\LAB2\Core\Inc\main.h
2024-10-05 18:45:23,454 [INFO] CodeEngine:239 - oldGeneratedFile, C:\Users\Admin\Documents\STM32_LAB2\PROJECT\LAB2\Core\Src\main.c_save
2024-10-05 18:45:23,535 [INFO] CodeEngine:257 - Generated code: C:\Users\Admin\Documents\STM32_LAB2\PROJECT\LAB2\Core\Src\main.c
2024-10-05 18:45:23,994 [INFO] ProjectBuilder:2578 - Time for Copy HAL[1] : 50mS.
2024-10-05 18:45:24,004 [INFO] ProjectBuilder:3622 - Project Generator version: 3.14.1
2024-10-05 18:45:24,249 [INFO] ConfigFileManager:1271 - The Die is : DIE412
2024-10-05 18:45:24,269 [INFO] ApiDbMcu:468 - Load IP Config File for FATFS
2024-10-05 18:45:24,294 [INFO] ApiDbMcu:468 - Load IP Config File for FREERTOS
2024-10-05 18:45:24,314 [INFO] ApiDbMcu:468 - Load IP Config File for USB_DEVICE
2024-10-05 18:45:28,064 [INFO] ProjectBuilder:3789 - Time for Generating toolchain IDE Files: 4060mS.
2024-10-05 18:45:28,065 [INFO] ProjectBuilder:2457 - Time for Copy CMSIS : 0mS.
2024-10-05 18:45:28,065 [INFO] ProjectBuilder:2457 - Time for Copy CMSIS : 0mS.
2024-10-05 18:45:28,684 [INFO] McuFinderGlobals:52 - Set McuFinderConnectedMode to true
2024-10-05 18:45:28,684 [INFO] ApiDb:276 - Save user favorites file C:\Users\Admin/.stm32cubeide/favorites.mcus.txt: 0 item(s)
2024-10-05 18:45:28,684 [INFO] ApiDb:280 - User favorites MCUs=[]
2024-10-05 18:57:20,316 [INFO] NvicIntPanel:96 - NVIC parent = com.st.microxplorer.plugins.ip.nvic.MultiNvicIntPanel[,0,0,0x0,invalid,layout=javax.swing.BoxLayout,alignmentX=0.0,alignmentY=0.0,border=,flags=9,maximumSize=,minimumSize=,preferredSize=]
2024-10-05 18:58:33,393 [INFO] NvicIntPanel:96 - NVIC parent = com.st.microxplorer.plugins.ip.nvic.MultiNvicIntPanel[,0,0,450x210,layout=javax.swing.BoxLayout,alignmentX=0.0,alignmentY=0.0,border=,flags=9,maximumSize=,minimumSize=,preferredSize=]
2024-10-05 18:58:54,868 [INFO] UtilMem:74 - End SaveConfig() Used Memory: 883326008 Bytes (1073741824)
2024-10-05 18:58:55,780 [INFO] UtilMem:74 - End SaveConfig() Used Memory: 901317424 Bytes (1073741824)
2024-10-05 18:58:57,500 [INFO] UtilMem:74 - End SaveConfig() Used Memory: 864779704 Bytes (1073741824)
2024-10-05 18:58:57,671 [INFO] BlockDiagram:2740 - set Specific Code input for plugin: NVIC
2024-10-05 18:58:57,672 [INFO] BlockDiagram:2740 - set Specific Code input for plugin: SYS
2024-10-05 18:58:57,672 [INFO] BlockDiagram:2740 - set Specific Code input for plugin: GPIO
2024-10-05 18:58:57,672 [INFO] BlockDiagram:2740 - set Specific Code input for plugin: RCC
2024-10-05 18:58:57,672 [INFO] BlockDiagram:2740 - set Specific Code input for plugin: TIM1_8F1
2024-10-05 18:58:57,686 [INFO] CodeGenerator:663 - code generatio: config db path: C:\ST\STM32CubeIDE_1.7.0\STM32CubeIDE\plugins\com.st.stm32cube.common.mx_6.3.0.202107141111\\db\
2024-10-05 18:58:57,893 [INFO] CodeEngine:239 - oldGeneratedFile, C:\Users\Admin\Documents\STM32_LAB2\PROJECT\LAB2\MXTmpFiles\license.tmp_save
2024-10-05 18:58:57,934 [INFO] CodeEngine:257 - Generated code: C:\Users\Admin\Documents\STM32_LAB2\PROJECT\LAB2\MXTmpFiles\license.tmp
2024-10-05 18:58:58,003 [INFO] CodeEngine:239 - oldGeneratedFile, C:\Users\Admin\Documents\STM32_LAB2\PROJECT\LAB2\MXTmpFiles\gpio.tmp_save
2024-10-05 18:58:58,042 [INFO] CodeEngine:257 - Generated code: C:\Users\Admin\Documents\STM32_LAB2\PROJECT\LAB2\MXTmpFiles\gpio.tmp
2024-10-05 18:58:58,190 [INFO] CodeEngine:239 - oldGeneratedFile, C:\Users\Admin\Documents\STM32_LAB2\PROJECT\LAB2\Core\Src\stm32f1xx_it.c_save
2024-10-05 18:58:58,259 [INFO] CodeEngine:257 - Generated code: C:\Users\Admin\Documents\STM32_LAB2\PROJECT\LAB2\Core\Src\stm32f1xx_it.c
2024-10-05 18:58:58,269 [INFO] CodeEngine:239 - oldGeneratedFile, C:\Users\Admin\Documents\STM32_LAB2\PROJECT\LAB2\Core\Inc\stm32f1xx_it.h_save
2024-10-05 18:58:58,335 [INFO] CodeEngine:257 - Generated code: C:\Users\Admin\Documents\STM32_LAB2\PROJECT\LAB2\Core\Inc\stm32f1xx_it.h
2024-10-05 18:58:58,345 [INFO] CodeEngine:239 - oldGeneratedFile, C:\Users\Admin\Documents\STM32_LAB2\PROJECT\LAB2\Core\Src\stm32f1xx_hal_msp.c_save
2024-10-05 18:58:58,421 [INFO] CodeEngine:257 - Generated code: C:\Users\Admin\Documents\STM32_LAB2\PROJECT\LAB2\Core\Src\stm32f1xx_hal_msp.c
2024-10-05 18:58:58,423 [INFO] CodeEngine:239 - oldGeneratedFile, C:\Users\Admin\Documents\STM32_LAB2\PROJECT\LAB2\MXTmpFiles\system.tmp_save
2024-10-05 18:58:58,460 [INFO] CodeEngine:257 - Generated code: C:\Users\Admin\Documents\STM32_LAB2\PROJECT\LAB2\MXTmpFiles\system.tmp
2024-10-05 18:58:58,468 [INFO] CodeEngine:239 - oldGeneratedFile, C:\Users\Admin\Documents\STM32_LAB2\PROJECT\LAB2\Core\Inc\stm32f1xx_hal_conf.h_save
2024-10-05 18:58:58,521 [INFO] CodeEngine:257 - Generated code: C:\Users\Admin\Documents\STM32_LAB2\PROJECT\LAB2\Core\Inc\stm32f1xx_hal_conf.h
2024-10-05 18:58:58,534 [WARN] IPConfigManager:3148 - IP not found : TIM
2024-10-05 18:58:58,534 [WARN] CodeGenerator:3268 - IP not found : null
2024-10-05 18:58:58,542 [INFO] CodeEngine:239 - oldGeneratedFile, C:\Users\Admin\Documents\STM32_LAB2\PROJECT\LAB2\Core\Inc\main.h_save
2024-10-05 18:58:58,586 [INFO] CodeEngine:257 - Generated code: C:\Users\Admin\Documents\STM32_LAB2\PROJECT\LAB2\Core\Inc\main.h
2024-10-05 18:58:58,595 [INFO] CodeEngine:239 - oldGeneratedFile, C:\Users\Admin\Documents\STM32_LAB2\PROJECT\LAB2\Core\Src\main.c_save
2024-10-05 18:58:58,673 [INFO] CodeEngine:257 - Generated code: C:\Users\Admin\Documents\STM32_LAB2\PROJECT\LAB2\Core\Src\main.c
2024-10-05 18:58:59,102 [INFO] ProjectBuilder:2578 - Time for Copy HAL[1] : 37mS.
2024-10-05 18:58:59,104 [INFO] ProjectBuilder:3622 - Project Generator version: 3.14.1
2024-10-05 18:58:59,556 [INFO] ConfigFileManager:1271 - The Die is : DIE412
2024-10-05 18:59:00,752 [INFO] ProjectBuilder:3789 - Time for Generating toolchain IDE Files: 1648mS.
2024-10-05 18:59:00,752 [INFO] ProjectBuilder:2457 - Time for Copy CMSIS : 0mS.
2024-10-05 18:59:00,753 [INFO] ProjectBuilder:2457 - Time for Copy CMSIS : 0mS.
